[04-Dec-2016 22:16:16 Asia/Shanghai] (/User) [SQL](0) query called
SELECT `id`,`type`,`status` FROM`user`WHERE(`number`= :0)AND(`name`= :1) LIMIT :2 OFFSET :3}
{":0":"2120150449",":1":"赵文建",":2":1,":3":0}
[04-Dec-2016 22:16:16 Asia/Shanghai] (/User) [SQL](1) exec called
UPDATE`user`SET `lastlogin`=:4 }
{":4":"2016-12-04 22:16:16"}
[04-Dec-2016 22:17:06 Asia/Shanghai] (/User) [SQL](0) query called
SELECT `id`,`type`,`status` FROM`user`WHERE(`number`= :0)AND(`name`= :1) LIMIT :2 OFFSET :3}
{":0":"2120150449",":1":"赵文建",":2":1,":3":0}
[04-Dec-2016 22:17:06 Asia/Shanghai] (/User) [SQL](1) exec called
UPDATE`user`SET `lastlogin`=:4 }
{":4":"2016-12-04 22:17:06"}
[04-Dec-2016 22:19:00 Asia/Shanghai] (/User) [SQL](0) query called
SELECT `id`,`type`,`status` FROM`user`WHERE(`number`= :0)AND(`name`= :1) LIMIT :2 OFFSET :3}
{":0":"2120150449",":1":"赵文建",":2":1,":3":0}
[04-Dec-2016 22:19:00 Asia/Shanghai] (/User) [SQL](1) exec called
UPDATE`user`SET `lastlogin`=:4 }
{":4":"2016-12-04 22:19:00"}
[04-Dec-2016 22:19:01 Asia/Shanghai] (/User) [SQL](0) query called
SELECT `id`,`type`,`status` FROM`user`WHERE(`number`= :0)AND(`name`= :1) LIMIT :2 OFFSET :3}
{":0":"2120150449",":1":"赵文建",":2":1,":3":0}
[04-Dec-2016 22:19:01 Asia/Shanghai] (/User) [SQL](1) exec called
UPDATE`user`SET `lastlogin`=:4 }
{":4":"2016-12-04 22:19:01"}
[04-Dec-2016 22:19:02 Asia/Shanghai] (/User) [SQL](0) query called
SELECT `id`,`type`,`status` FROM`user`WHERE(`number`= :0)AND(`name`= :1) LIMIT :2 OFFSET :3}
{":0":"2120150449",":1":"赵文建",":2":1,":3":0}
[04-Dec-2016 22:19:02 Asia/Shanghai] (/User) [SQL](1) exec called
UPDATE`user`SET `lastlogin`=:4 }
{":4":"2016-12-04 22:19:02"}
[04-Dec-2016 22:19:04 Asia/Shanghai] (/User) [SQL](0) query called
SELECT `id`,`type`,`status` FROM`user`WHERE(`number`= :0)AND(`name`= :1) LIMIT :2 OFFSET :3}
{":0":"2120150449",":1":"赵文建",":2":1,":3":0}
[04-Dec-2016 22:19:04 Asia/Shanghai] (/User) [SQL](1) exec called
UPDATE`user`SET `lastlogin`=:4 }
{":4":"2016-12-04 22:19:04"}
[04-Dec-2016 22:19:06 Asia/Shanghai] (/User) [SQL](0) query called
SELECT `id`,`type`,`status` FROM`user`WHERE(`number`= :0)AND(`name`= :1) LIMIT :2 OFFSET :3}
{":0":"2120150449",":1":"赵文建",":2":1,":3":0}
[04-Dec-2016 22:19:06 Asia/Shanghai] (/User) [SQL](1) exec called
UPDATE`user`SET `lastlogin`=:4 }
{":4":"2016-12-04 22:19:06"}
[04-Dec-2016 22:19:08 Asia/Shanghai] (/User) [SQL](0) query called
SELECT `id`,`type`,`status` FROM`user`WHERE(`number`= :0)AND(`name`= :1) LIMIT :2 OFFSET :3}
{":0":"2120150449",":1":"赵文建",":2":1,":3":0}
[04-Dec-2016 22:19:08 Asia/Shanghai] (/User) [SQL](1) exec called
UPDATE`user`SET `lastlogin`=:4 }
{":4":"2016-12-04 22:19:08"}
[04-Dec-2016 22:20:57 Asia/Shanghai] (/User) [SQL](0) query called
SELECT `id`,`type`,`status` FROM`user`WHERE(`number`= :0)AND(`name`= :1) LIMIT :2 OFFSET :3}
{":0":"2120150449",":1":"赵文建",":2":1,":3":0}
[04-Dec-2016 22:20:57 Asia/Shanghai] (/User) [SQL](1) exec called
UPDATE`user`SET `lastlogin`=:4 }
{":4":"2016-12-04 22:20:57"}
[04-Dec-2016 22:31:25 Asia/Shanghai] (/User) [SQL](0) query called
SELECT `id`,`type`,`status` FROM`user`WHERE(`number`= :0)AND(`name`= :1) LIMIT :2 OFFSET :3}
{":0":"2120150449",":1":"赵文建",":2":1,":3":0}
[04-Dec-2016 22:31:25 Asia/Shanghai] (/User) [SQL](1) exec called
UPDATE`user`SET `lastlogin`=:4 }
{":4":"2016-12-04 22:31:25"}
[04-Dec-2016 22:31:54 Asia/Shanghai] (/User) [SQL](0) query called
SELECT `id`,`type`,`status` FROM`user`WHERE(`number`= :0)AND(`name`= :1) LIMIT :2 OFFSET :3}
{":0":"2120150449",":1":"赵文建",":2":1,":3":0}
[04-Dec-2016 22:31:54 Asia/Shanghai] (/User) [SQL](1) exec called
UPDATE`user`SET `lastlogin`=:4 }
{":4":"2016-12-04 22:31:54"}
[04-Dec-2016 22:32:07 Asia/Shanghai] (/User) [SQL](0) query called
SELECT `id`,`type`,`status` FROM`user`WHERE(`number`= :0)AND(`name`= :1) LIMIT :2 OFFSET :3}
{":0":"2120150449",":1":"赵文建",":2":1,":3":0}
[04-Dec-2016 22:32:07 Asia/Shanghai] (/User) [SQL](1) exec called
UPDATE`user`SET `lastlogin`=:4 }
{":4":"2016-12-04 22:32:07"}
[04-Dec-2016 22:32:22 Asia/Shanghai] (/User) [SQL](0) query called
SELECT `id`,`type`,`status` FROM`user`WHERE(`number`= :0)AND(`name`= :1) LIMIT :2 OFFSET :3}
{":0":"2120150449",":1":"赵文建",":2":1,":3":0}
[04-Dec-2016 22:32:22 Asia/Shanghai] (/User) [SQL](1) exec called
UPDATE`user`SET `lastlogin`=:4 }
{":4":"2016-12-04 22:32:22"}
[04-Dec-2016 22:36:58 Asia/Shanghai] (/User) [SQL](0) query called
SELECT `id`,`type`,`status` FROM`user`WHERE(`number`= :0)AND(`name`= :1) LIMIT :2 OFFSET :3}
{":0":"2120150449",":1":"赵文建",":2":1,":3":0}
[04-Dec-2016 22:36:58 Asia/Shanghai] (/User) [SQL](1) exec called
UPDATE`user`SET `lastlogin`=:4 }
{":4":"2016-12-04 22:36:58"}
