[04-Dec-2016 22:15:56 Asia/Shanghai] (/User) OPTIONS 资源消耗统计:
[文件加载顺序] (总计：13)
  [0] => public/index.php
  [1] => library/Bootstrap/dev.php
  [2] => library/Config.php
  [3] => library/Debug/Assertion.php
  [4] => library/Debug.php
  [5] => library/Debug/Header.php
  [6] => library/Debug/LogListener.php
  [7] => library/Logger.php
  [8] => library/Debug/SqlListener.php
  [9] => library/Service/Database.php
  [10] => library/Debug/Tracer.php
  [11] => app/controllers/User.php
  [12] => library/Rest.php
[时间消耗统计] (总计: 16.9853515625 ms)
  定位启动耗时：0.92919921875 ms
  加载插件耗时：15.9169921875 ms
  路由分发耗时：0.013916015625 ms
  处理过程耗时: 0.125244140625 ms
  执行总共耗时：16.05615234375 ms
[内存消耗估计] (峰值: 597.078125 KB)
  启动消耗内存: 510.3359375 KB
  路由消耗内存: 166.6484375 KB
  处理消耗内存: 166.09375 KB
  最大消耗内存: 597.078125 KB

[04-Dec-2016 22:16:16 Asia/Shanghai] (/User) OPTIONS 资源消耗统计:
[文件加载顺序] (总计：13)
  [0] => public/index.php
  [1] => library/Bootstrap/dev.php
  [2] => library/Config.php
  [3] => library/Debug/Assertion.php
  [4] => library/Debug.php
  [5] => library/Debug/Header.php
  [6] => library/Debug/LogListener.php
  [7] => library/Logger.php
  [8] => library/Debug/SqlListener.php
  [9] => library/Service/Database.php
  [10] => library/Debug/Tracer.php
  [11] => app/controllers/User.php
  [12] => library/Rest.php
[时间消耗统计] (总计: 0.482177734375 ms)
  定位启动耗时：0.059326171875 ms
  加载插件耗时：0.2607421875 ms
  路由分发耗时：0.01806640625 ms
  处理过程耗时: 0.14404296875 ms
  执行总共耗时：0.4228515625 ms
[内存消耗估计] (峰值: 435.796875 KB)
  启动消耗内存: 358.6015625 KB
  路由消耗内存: 0.6015625 KB
  处理消耗内存: 6.765625 KB
  最大消耗内存: 435.796875 KB

[04-Dec-2016 22:17:06 Asia/Shanghai] (/User) OPTIONS 资源消耗统计:
[文件加载顺序] (总计：13)
  [0] => public/index.php
  [1] => library/Bootstrap/dev.php
  [2] => library/Config.php
  [3] => library/Debug/Assertion.php
  [4] => library/Debug.php
  [5] => library/Debug/Header.php
  [6] => library/Debug/LogListener.php
  [7] => library/Logger.php
  [8] => library/Debug/SqlListener.php
  [9] => library/Service/Database.php
  [10] => library/Debug/Tracer.php
  [11] => app/controllers/User.php
  [12] => library/Rest.php
[时间消耗统计] (总计: 0.638916015625 ms)
  定位启动耗时：0.0810546875 ms
  加载插件耗时：0.341796875 ms
  路由分发耗时：0.022216796875 ms
  处理过程耗时: 0.19384765625 ms
  执行总共耗时：0.557861328125 ms
[内存消耗估计] (峰值: 435.796875 KB)
  启动消耗内存: 358.6015625 KB
  路由消耗内存: 0.6015625 KB
  处理消耗内存: 6.765625 KB
  最大消耗内存: 435.796875 KB

[04-Dec-2016 22:19:00 Asia/Shanghai] (/User) OPTIONS 资源消耗统计:
[文件加载顺序] (总计：13)
  [0] => public/index.php
  [1] => library/Bootstrap/dev.php
  [2] => library/Config.php
  [3] => library/Debug/Assertion.php
  [4] => library/Debug.php
  [5] => library/Debug/Header.php
  [6] => library/Debug/LogListener.php
  [7] => library/Logger.php
  [8] => library/Debug/SqlListener.php
  [9] => library/Service/Database.php
  [10] => library/Debug/Tracer.php
  [11] => app/controllers/User.php
  [12] => library/Rest.php
[时间消耗统计] (总计: 0.342041015625 ms)
  定位启动耗时：0.0361328125 ms
  加载插件耗时：0.123046875 ms
  路由分发耗时：0.0087890625 ms
  处理过程耗时: 0.174072265625 ms
  执行总共耗时：0.305908203125 ms
[内存消耗估计] (峰值: 480.5625 KB)
  启动消耗内存: 358.6015625 KB
  路由消耗内存: 0.6015625 KB
  处理消耗内存: 51.53125 KB
  最大消耗内存: 480.5625 KB

[04-Dec-2016 22:19:01 Asia/Shanghai] (/User) POST 资源消耗统计:
[文件加载顺序] (总计：16)
  [0] => public/index.php
  [1] => library/Bootstrap/dev.php
  [2] => library/Config.php
  [3] => library/Debug/Assertion.php
  [4] => library/Debug.php
  [5] => library/Debug/Header.php
  [6] => library/Debug/LogListener.php
  [7] => library/Logger.php
  [8] => library/Debug/SqlListener.php
  [9] => library/Service/Database.php
  [10] => library/Debug/Tracer.php
  [11] => app/controllers/User.php
  [12] => library/Rest.php
  [13] => library/Input.php
  [14] => library/Db.php
  [15] => library/Orm.php
[时间消耗统计] (总计: 215.25 ms)
  定位启动耗时：0.025146484375 ms
  加载插件耗时：0.095947265625 ms
  路由分发耗时：0.0087890625 ms
  处理过程耗时: 215.1201171875 ms
  执行总共耗时：215.22485351562 ms
[内存消耗估计] (峰值: 534.3203125 KB)
  启动消耗内存: 360.109375 KB
  路由消耗内存: 0.6015625 KB
  处理消耗内存: 103.78125 KB
  最大消耗内存: 534.3203125 KB

[04-Dec-2016 22:19:01 Asia/Shanghai] (/User) OPTIONS 资源消耗统计:
[文件加载顺序] (总计：13)
  [0] => public/index.php
  [1] => library/Bootstrap/dev.php
  [2] => library/Config.php
  [3] => library/Debug/Assertion.php
  [4] => library/Debug.php
  [5] => library/Debug/Header.php
  [6] => library/Debug/LogListener.php
  [7] => library/Logger.php
  [8] => library/Debug/SqlListener.php
  [9] => library/Service/Database.php
  [10] => library/Debug/Tracer.php
  [11] => app/controllers/User.php
  [12] => library/Rest.php
[时间消耗统计] (总计: 1.185791015625 ms)
  定位启动耗时：0.06298828125 ms
  加载插件耗时：0.302001953125 ms
  路由分发耗时：0.02197265625 ms
  处理过程耗时: 0.798828125 ms
  执行总共耗时：1.122802734375 ms
[内存消耗估计] (峰值: 587.1171875 KB)
  启动消耗内存: 358.6015625 KB
  路由消耗内存: 0.6015625 KB
  处理消耗内存: 158.0859375 KB
  最大消耗内存: 587.1171875 KB

[04-Dec-2016 22:19:01 Asia/Shanghai] (/User) POST 资源消耗统计:
[文件加载顺序] (总计：16)
  [0] => public/index.php
  [1] => library/Bootstrap/dev.php
  [2] => library/Config.php
  [3] => library/Debug/Assertion.php
  [4] => library/Debug.php
  [5] => library/Debug/Header.php
  [6] => library/Debug/LogListener.php
  [7] => library/Logger.php
  [8] => library/Debug/SqlListener.php
  [9] => library/Service/Database.php
  [10] => library/Debug/Tracer.php
  [11] => app/controllers/User.php
  [12] => library/Rest.php
  [13] => library/Input.php
  [14] => library/Db.php
  [15] => library/Orm.php
[时间消耗统计] (总计: 57.501220703125 ms)
  定位启动耗时：0.066162109375 ms
  加载插件耗时：0.30615234375 ms
  路由分发耗时：0.031005859375 ms
  处理过程耗时: 57.097900390625 ms
  执行总共耗时：57.43505859375 ms
[内存消耗估计] (峰值: 524.796875 KB)
  启动消耗内存: 360.109375 KB
  路由消耗内存: 0.6015625 KB
  处理消耗内存: 94.2578125 KB
  最大消耗内存: 524.796875 KB

[04-Dec-2016 22:19:02 Asia/Shanghai] (/User) OPTIONS 资源消耗统计:
[文件加载顺序] (总计：13)
  [0] => public/index.php
  [1] => library/Bootstrap/dev.php
  [2] => library/Config.php
  [3] => library/Debug/Assertion.php
  [4] => library/Debug.php
  [5] => library/Debug/Header.php
  [6] => library/Debug/LogListener.php
  [7] => library/Logger.php
  [8] => library/Debug/SqlListener.php
  [9] => library/Service/Database.php
  [10] => library/Debug/Tracer.php
  [11] => app/controllers/User.php
  [12] => library/Rest.php
[时间消耗统计] (总计: 0.229736328125 ms)
  定位启动耗时：0.031982421875 ms
  加载插件耗时：0.10791015625 ms
  路由分发耗时：0.01806640625 ms
  处理过程耗时: 0.07177734375 ms
  执行总共耗时：0.19775390625 ms
[内存消耗估计] (峰值: 435.796875 KB)
  启动消耗内存: 358.6015625 KB
  路由消耗内存: 0.6015625 KB
  处理消耗内存: 6.765625 KB
  最大消耗内存: 435.796875 KB

[04-Dec-2016 22:19:02 Asia/Shanghai] (/User) POST 资源消耗统计:
[文件加载顺序] (总计：16)
  [0] => public/index.php
  [1] => library/Bootstrap/dev.php
  [2] => library/Config.php
  [3] => library/Debug/Assertion.php
  [4] => library/Debug.php
  [5] => library/Debug/Header.php
  [6] => library/Debug/LogListener.php
  [7] => library/Logger.php
  [8] => library/Debug/SqlListener.php
  [9] => library/Service/Database.php
  [10] => library/Debug/Tracer.php
  [11] => app/controllers/User.php
  [12] => library/Rest.php
  [13] => library/Input.php
  [14] => library/Db.php
  [15] => library/Orm.php
[时间消耗统计] (总计: 30.371826171875 ms)
  定位启动耗时：0.02685546875 ms
  加载插件耗时：0.12109375 ms
  路由分发耗时：0.02685546875 ms
  处理过程耗时: 30.197021484375 ms
  执行总共耗时：30.344970703125 ms
[内存消耗估计] (峰值: 524.796875 KB)
  启动消耗内存: 360.109375 KB
  路由消耗内存: 0.6015625 KB
  处理消耗内存: 94.2578125 KB
  最大消耗内存: 524.796875 KB

[04-Dec-2016 22:19:04 Asia/Shanghai] (/User) OPTIONS 资源消耗统计:
[文件加载顺序] (总计：13)
  [0] => public/index.php
  [1] => library/Bootstrap/dev.php
  [2] => library/Config.php
  [3] => library/Debug/Assertion.php
  [4] => library/Debug.php
  [5] => library/Debug/Header.php
  [6] => library/Debug/LogListener.php
  [7] => library/Logger.php
  [8] => library/Debug/SqlListener.php
  [9] => library/Service/Database.php
  [10] => library/Debug/Tracer.php
  [11] => app/controllers/User.php
  [12] => library/Rest.php
[时间消耗统计] (总计: 0.229736328125 ms)
  定位启动耗时：0.033935546875 ms
  加载插件耗时：0.116943359375 ms
  路由分发耗时：0.009033203125 ms
  处理过程耗时: 0.06982421875 ms
  执行总共耗时：0.19580078125 ms
[内存消耗估计] (峰值: 435.796875 KB)
  启动消耗内存: 358.6015625 KB
  路由消耗内存: 0.6015625 KB
  处理消耗内存: 6.765625 KB
  最大消耗内存: 435.796875 KB

[04-Dec-2016 22:19:04 Asia/Shanghai] (/User) POST 资源消耗统计:
[文件加载顺序] (总计：16)
  [0] => public/index.php
  [1] => library/Bootstrap/dev.php
  [2] => library/Config.php
  [3] => library/Debug/Assertion.php
  [4] => library/Debug.php
  [5] => library/Debug/Header.php
  [6] => library/Debug/LogListener.php
  [7] => library/Logger.php
  [8] => library/Debug/SqlListener.php
  [9] => library/Service/Database.php
  [10] => library/Debug/Tracer.php
  [11] => app/controllers/User.php
  [12] => library/Rest.php
  [13] => library/Input.php
  [14] => library/Db.php
  [15] => library/Orm.php
[时间消耗统计] (总计: 47.31982421875 ms)
  定位启动耗时：0.02880859375 ms
  加载插件耗时：0.1689453125 ms
  路由分发耗时：0.010986328125 ms
  处理过程耗时: 47.111083984375 ms
  执行总共耗时：47.291015625 ms
[内存消耗估计] (峰值: 524.796875 KB)
  启动消耗内存: 360.109375 KB
  路由消耗内存: 0.6015625 KB
  处理消耗内存: 94.2578125 KB
  最大消耗内存: 524.796875 KB

[04-Dec-2016 22:19:06 Asia/Shanghai] (/User) OPTIONS 资源消耗统计:
[文件加载顺序] (总计：13)
  [0] => public/index.php
  [1] => library/Bootstrap/dev.php
  [2] => library/Config.php
  [3] => library/Debug/Assertion.php
  [4] => library/Debug.php
  [5] => library/Debug/Header.php
  [6] => library/Debug/LogListener.php
  [7] => library/Logger.php
  [8] => library/Debug/SqlListener.php
  [9] => library/Service/Database.php
  [10] => library/Debug/Tracer.php
  [11] => app/controllers/User.php
  [12] => library/Rest.php
[时间消耗统计] (总计: 0.57373046875 ms)
  定位启动耗时：0.071044921875 ms
  加载插件耗时：0.304931640625 ms
  路由分发耗时：0.02099609375 ms
  处理过程耗时: 0.1767578125 ms
  执行总共耗时：0.502685546875 ms
[内存消耗估计] (峰值: 435.796875 KB)
  启动消耗内存: 358.6015625 KB
  路由消耗内存: 0.6015625 KB
  处理消耗内存: 6.765625 KB
  最大消耗内存: 435.796875 KB

[04-Dec-2016 22:19:06 Asia/Shanghai] (/User) POST 资源消耗统计:
[文件加载顺序] (总计：16)
  [0] => public/index.php
  [1] => library/Bootstrap/dev.php
  [2] => library/Config.php
  [3] => library/Debug/Assertion.php
  [4] => library/Debug.php
  [5] => library/Debug/Header.php
  [6] => library/Debug/LogListener.php
  [7] => library/Logger.php
  [8] => library/Debug/SqlListener.php
  [9] => library/Service/Database.php
  [10] => library/Debug/Tracer.php
  [11] => app/controllers/User.php
  [12] => library/Rest.php
  [13] => library/Input.php
  [14] => library/Db.php
  [15] => library/Orm.php
[时间消耗统计] (总计: 52.015869140625 ms)
  定位启动耗时：0.041015625 ms
  加载插件耗时：0.179931640625 ms
  路由分发耗时：0.011962890625 ms
  处理过程耗时: 51.782958984375 ms
  执行总共耗时：51.974853515625 ms
[内存消耗估计] (峰值: 524.796875 KB)
  启动消耗内存: 360.109375 KB
  路由消耗内存: 0.6015625 KB
  处理消耗内存: 94.2578125 KB
  最大消耗内存: 524.796875 KB

[04-Dec-2016 22:19:08 Asia/Shanghai] (/User) OPTIONS 资源消耗统计:
[文件加载顺序] (总计：13)
  [0] => public/index.php
  [1] => library/Bootstrap/dev.php
  [2] => library/Config.php
  [3] => library/Debug/Assertion.php
  [4] => library/Debug.php
  [5] => library/Debug/Header.php
  [6] => library/Debug/LogListener.php
  [7] => library/Logger.php
  [8] => library/Debug/SqlListener.php
  [9] => library/Service/Database.php
  [10] => library/Debug/Tracer.php
  [11] => app/controllers/User.php
  [12] => library/Rest.php
[时间消耗统计] (总计: 0.630615234375 ms)
  定位启动耗时：0.07275390625 ms
  加载插件耗时：0.360107421875 ms
  路由分发耗时：0.02490234375 ms
  处理过程耗时: 0.1728515625 ms
  执行总共耗时：0.557861328125 ms
[内存消耗估计] (峰值: 435.796875 KB)
  启动消耗内存: 358.6015625 KB
  路由消耗内存: 0.6015625 KB
  处理消耗内存: 6.765625 KB
  最大消耗内存: 435.796875 KB

[04-Dec-2016 22:19:08 Asia/Shanghai] (/User) POST 资源消耗统计:
[文件加载顺序] (总计：16)
  [0] => public/index.php
  [1] => library/Bootstrap/dev.php
  [2] => library/Config.php
  [3] => library/Debug/Assertion.php
  [4] => library/Debug.php
  [5] => library/Debug/Header.php
  [6] => library/Debug/LogListener.php
  [7] => library/Logger.php
  [8] => library/Debug/SqlListener.php
  [9] => library/Service/Database.php
  [10] => library/Debug/Tracer.php
  [11] => app/controllers/User.php
  [12] => library/Rest.php
  [13] => library/Input.php
  [14] => library/Db.php
  [15] => library/Orm.php
[时间消耗统计] (总计: 40.880859375 ms)
  定位启动耗时：0.06591796875 ms
  加载插件耗时：0.304931640625 ms
  路由分发耗时：0.02197265625 ms
  处理过程耗时: 40.488037109375 ms
  执行总共耗时：40.81494140625 ms
[内存消耗估计] (峰值: 524.796875 KB)
  启动消耗内存: 360.109375 KB
  路由消耗内存: 0.6015625 KB
  处理消耗内存: 94.2578125 KB
  最大消耗内存: 524.796875 KB

[04-Dec-2016 22:19:57 Asia/Shanghai] (/Wechat/token) OPTIONS 资源消耗统计:
[文件加载顺序] (总计：13)
  [0] => public/index.php
  [1] => library/Bootstrap/dev.php
  [2] => library/Config.php
  [3] => library/Debug/Assertion.php
  [4] => library/Debug.php
  [5] => library/Debug/Header.php
  [6] => library/Debug/LogListener.php
  [7] => library/Logger.php
  [8] => library/Debug/SqlListener.php
  [9] => library/Service/Database.php
  [10] => library/Debug/Tracer.php
  [11] => app/controllers/Wechat.php
  [12] => library/Rest.php
[时间消耗统计] (总计: 0.22802734375 ms)
  定位启动耗时：0.02783203125 ms
  加载插件耗时：0.1162109375 ms
  路由分发耗时：0.009033203125 ms
  处理过程耗时: 0.074951171875 ms
  执行总共耗时：0.2001953125 ms
[内存消耗估计] (峰值: 435.84375 KB)
  启动消耗内存: 358.6171875 KB
  路由消耗内存: 0.6328125 KB
  处理消耗内存: 6.765625 KB
  最大消耗内存: 435.84375 KB

[04-Dec-2016 22:20:57 Asia/Shanghai] (/User) OPTIONS 资源消耗统计:
[文件加载顺序] (总计：13)
  [0] => public/index.php
  [1] => library/Bootstrap/dev.php
  [2] => library/Config.php
  [3] => library/Debug/Assertion.php
  [4] => library/Debug.php
  [5] => library/Debug/Header.php
  [6] => library/Debug/LogListener.php
  [7] => library/Logger.php
  [8] => library/Debug/SqlListener.php
  [9] => library/Service/Database.php
  [10] => library/Debug/Tracer.php
  [11] => app/controllers/User.php
  [12] => library/Rest.php
[时间消耗统计] (总计: 0.91015625 ms)
  定位启动耗时：0.051025390625 ms
  加载插件耗时：0.23291015625 ms
  路由分发耗时：0.01513671875 ms
  处理过程耗时: 0.611083984375 ms
  执行总共耗时：0.859130859375 ms
[内存消耗估计] (峰值: 586.0390625 KB)
  启动消耗内存: 358.6015625 KB
  路由消耗内存: 0.6015625 KB
  处理消耗内存: 157.0078125 KB
  最大消耗内存: 586.0390625 KB

[04-Dec-2016 22:20:57 Asia/Shanghai] (/User) POST 资源消耗统计:
[文件加载顺序] (总计：16)
  [0] => public/index.php
  [1] => library/Bootstrap/dev.php
  [2] => library/Config.php
  [3] => library/Debug/Assertion.php
  [4] => library/Debug.php
  [5] => library/Debug/Header.php
  [6] => library/Debug/LogListener.php
  [7] => library/Logger.php
  [8] => library/Debug/SqlListener.php
  [9] => library/Service/Database.php
  [10] => library/Debug/Tracer.php
  [11] => app/controllers/User.php
  [12] => library/Rest.php
  [13] => library/Input.php
  [14] => library/Db.php
  [15] => library/Orm.php
[时间消耗统计] (总计: 66.7080078125 ms)
  定位启动耗时：0.029052734375 ms
  加载插件耗时：0.1240234375 ms
  路由分发耗时：0.02294921875 ms
  处理过程耗时: 66.531982421875 ms
  执行总共耗时：66.678955078125 ms
[内存消耗估计] (峰值: 524.796875 KB)
  启动消耗内存: 360.109375 KB
  路由消耗内存: 0.6015625 KB
  处理消耗内存: 94.2578125 KB
  最大消耗内存: 524.796875 KB

[04-Dec-2016 22:20:59 Asia/Shanghai] (/User) OPTIONS 资源消耗统计:
[文件加载顺序] (总计：13)
  [0] => public/index.php
  [1] => library/Bootstrap/dev.php
  [2] => library/Config.php
  [3] => library/Debug/Assertion.php
  [4] => library/Debug.php
  [5] => library/Debug/Header.php
  [6] => library/Debug/LogListener.php
  [7] => library/Logger.php
  [8] => library/Debug/SqlListener.php
  [9] => library/Service/Database.php
  [10] => library/Debug/Tracer.php
  [11] => app/controllers/User.php
  [12] => library/Rest.php
[时间消耗统计] (总计: 0.244140625 ms)
  定位启动耗时：0.044189453125 ms
  加载插件耗时：0.093017578125 ms
  路由分发耗时：0.009033203125 ms
  处理过程耗时: 0.097900390625 ms
  执行总共耗时：0.199951171875 ms
[内存消耗估计] (峰值: 435.765625 KB)
  启动消耗内存: 358.5703125 KB
  路由消耗内存: 0.6015625 KB
  处理消耗内存: 6.765625 KB
  最大消耗内存: 435.765625 KB

[04-Dec-2016 22:21:06 Asia/Shanghai] (/User) OPTIONS 资源消耗统计:
[文件加载顺序] (总计：13)
  [0] => public/index.php
  [1] => library/Bootstrap/dev.php
  [2] => library/Config.php
  [3] => library/Debug/Assertion.php
  [4] => library/Debug.php
  [5] => library/Debug/Header.php
  [6] => library/Debug/LogListener.php
  [7] => library/Logger.php
  [8] => library/Debug/SqlListener.php
  [9] => library/Service/Database.php
  [10] => library/Debug/Tracer.php
  [11] => app/controllers/User.php
  [12] => library/Rest.php
[时间消耗统计] (总计: 0.349853515625 ms)
  定位启动耗时：0.0439453125 ms
  加载插件耗时：0.153076171875 ms
  路由分发耗时：0.013916015625 ms
  处理过程耗时: 0.138916015625 ms
  执行总共耗时：0.305908203125 ms
[内存消耗估计] (峰值: 435.765625 KB)
  启动消耗内存: 358.5703125 KB
  路由消耗内存: 0.6015625 KB
  处理消耗内存: 6.765625 KB
  最大消耗内存: 435.765625 KB

[04-Dec-2016 22:22:22 Asia/Shanghai] (/User) OPTIONS 资源消耗统计:
[文件加载顺序] (总计：13)
  [0] => public/index.php
  [1] => library/Bootstrap/dev.php
  [2] => library/Config.php
  [3] => library/Debug/Assertion.php
  [4] => library/Debug.php
  [5] => library/Debug/Header.php
  [6] => library/Debug/LogListener.php
  [7] => library/Logger.php
  [8] => library/Debug/SqlListener.php
  [9] => library/Service/Database.php
  [10] => library/Debug/Tracer.php
  [11] => app/controllers/User.php
  [12] => library/Rest.php
[时间消耗统计] (总计: 0.2861328125 ms)
  定位启动耗时：0.0400390625 ms
  加载插件耗时：0.15087890625 ms
  路由分发耗时：0.010009765625 ms
  处理过程耗时: 0.085205078125 ms
  执行总共耗时：0.24609375 ms
[内存消耗估计] (峰值: 435.734375 KB)
  启动消耗内存: 358.5390625 KB
  路由消耗内存: 0.6015625 KB
  处理消耗内存: 6.765625 KB
  最大消耗内存: 435.734375 KB

[04-Dec-2016 22:22:45 Asia/Shanghai] (/User) OPTIONS 资源消耗统计:
[文件加载顺序] (总计：13)
  [0] => public/index.php
  [1] => library/Bootstrap/dev.php
  [2] => library/Config.php
  [3] => library/Debug/Assertion.php
  [4] => library/Debug.php
  [5] => library/Debug/Header.php
  [6] => library/Debug/LogListener.php
  [7] => library/Logger.php
  [8] => library/Debug/SqlListener.php
  [9] => library/Service/Database.php
  [10] => library/Debug/Tracer.php
  [11] => app/controllers/User.php
  [12] => library/Rest.php
[时间消耗统计] (总计: 0.198974609375 ms)
  定位启动耗时：0.02490234375 ms
  加载插件耗时：0.10595703125 ms
  路由分发耗时：0.008056640625 ms
  处理过程耗时: 0.06005859375 ms
  执行总共耗时：0.174072265625 ms
[内存消耗估计] (峰值: 435.734375 KB)
  启动消耗内存: 358.5390625 KB
  路由消耗内存: 0.6015625 KB
  处理消耗内存: 6.765625 KB
  最大消耗内存: 435.734375 KB

[04-Dec-2016 22:23:15 Asia/Shanghai] (/User) OPTIONS 资源消耗统计:
[文件加载顺序] (总计：13)
  [0] => public/index.php
  [1] => library/Bootstrap/dev.php
  [2] => library/Config.php
  [3] => library/Debug/Assertion.php
  [4] => library/Debug.php
  [5] => library/Debug/Header.php
  [6] => library/Debug/LogListener.php
  [7] => library/Logger.php
  [8] => library/Debug/SqlListener.php
  [9] => library/Service/Database.php
  [10] => library/Debug/Tracer.php
  [11] => app/controllers/User.php
  [12] => library/Rest.php
[时间消耗统计] (总计: 0.257080078125 ms)
  定位启动耗时：0.029052734375 ms
  加载插件耗时：0.12890625 ms
  路由分发耗时：0.018310546875 ms
  处理过程耗时: 0.080810546875 ms
  执行总共耗时：0.22802734375 ms
[内存消耗估计] (峰值: 435.734375 KB)
  启动消耗内存: 358.5390625 KB
  路由消耗内存: 0.6015625 KB
  处理消耗内存: 6.765625 KB
  最大消耗内存: 435.734375 KB

[04-Dec-2016 22:30:26 Asia/Shanghai] (/User) OPTIONS 资源消耗统计:
[文件加载顺序] (总计：13)
  [0] => public/index.php
  [1] => library/Bootstrap/dev.php
  [2] => library/Config.php
  [3] => library/Debug/Assertion.php
  [4] => library/Debug.php
  [5] => library/Debug/Header.php
  [6] => library/Debug/LogListener.php
  [7] => library/Logger.php
  [8] => library/Debug/SqlListener.php
  [9] => library/Service/Database.php
  [10] => library/Debug/Tracer.php
  [11] => app/controllers/User.php
  [12] => library/Rest.php
[时间消耗统计] (总计: 1.06591796875 ms)
  定位启动耗时：0.033935546875 ms
  加载插件耗时：0.1201171875 ms
  路由分发耗时：0.02294921875 ms
  处理过程耗时: 0.888916015625 ms
  执行总共耗时：1.031982421875 ms
[内存消耗估计] (峰值: 608.9375 KB)
  启动消耗内存: 358.5390625 KB
  路由消耗内存: 0.6015625 KB
  处理消耗内存: 179.96875 KB
  最大消耗内存: 608.9375 KB

[04-Dec-2016 22:30:26 Asia/Shanghai] (/User) GET 资源消耗统计:
[文件加载顺序] (总计：15)
  [0] => public/index.php
  [1] => library/Bootstrap/dev.php
  [2] => library/Config.php
  [3] => library/Debug/Assertion.php
  [4] => library/Debug.php
  [5] => library/Debug/Header.php
  [6] => library/Debug/LogListener.php
  [7] => library/Logger.php
  [8] => library/Debug/SqlListener.php
  [9] => library/Service/Database.php
  [10] => library/Debug/Tracer.php
  [11] => app/controllers/User.php
  [12] => library/Rest.php
  [13] => library/Kv.php
  [14] => library/Storage/File.php
[时间消耗统计] (总计: 0.919921875 ms)
  定位启动耗时：0.02685546875 ms
  加载插件耗时：0.09423828125 ms
  路由分发耗时：0.017822265625 ms
  处理过程耗时: 0.781005859375 ms
  执行总共耗时：0.89306640625 ms
[内存消耗估计] (峰值: 598.75 KB)
  启动消耗内存: 358.3828125 KB
  路由消耗内存: 0.6015625 KB
  处理消耗内存: 169.9375 KB
  最大消耗内存: 598.75 KB

[04-Dec-2016 22:30:26 Asia/Shanghai] (/Wechat/token) OPTIONS 资源消耗统计:
[文件加载顺序] (总计：13)
  [0] => public/index.php
  [1] => library/Bootstrap/dev.php
  [2] => library/Config.php
  [3] => library/Debug/Assertion.php
  [4] => library/Debug.php
  [5] => library/Debug/Header.php
  [6] => library/Debug/LogListener.php
  [7] => library/Logger.php
  [8] => library/Debug/SqlListener.php
  [9] => library/Service/Database.php
  [10] => library/Debug/Tracer.php
  [11] => app/controllers/Wechat.php
  [12] => library/Rest.php
[时间消耗统计] (总计: 0.241943359375 ms)
  定位启动耗时：0.027099609375 ms
  加载插件耗时：0.12890625 ms
  路由分发耗时：0.009033203125 ms
  处理过程耗时: 0.076904296875 ms
  执行总共耗时：0.21484375 ms
[内存消耗估计] (峰值: 435.8125 KB)
  启动消耗内存: 358.5859375 KB
  路由消耗内存: 0.6328125 KB
  处理消耗内存: 6.765625 KB
  最大消耗内存: 435.8125 KB

[04-Dec-2016 22:30:27 Asia/Shanghai] (/Wechat/token) OPTIONS 资源消耗统计:
[文件加载顺序] (总计：13)
  [0] => public/index.php
  [1] => library/Bootstrap/dev.php
  [2] => library/Config.php
  [3] => library/Debug/Assertion.php
  [4] => library/Debug.php
  [5] => library/Debug/Header.php
  [6] => library/Debug/LogListener.php
  [7] => library/Logger.php
  [8] => library/Debug/SqlListener.php
  [9] => library/Service/Database.php
  [10] => library/Debug/Tracer.php
  [11] => app/controllers/Wechat.php
  [12] => library/Rest.php
[时间消耗统计] (总计: 0.249755859375 ms)
  定位启动耗时：0.03173828125 ms
  加载插件耗时：0.114013671875 ms
  路由分发耗时：0.010009765625 ms
  处理过程耗时: 0.093994140625 ms
  执行总共耗时：0.218017578125 ms
[内存消耗估计] (峰值: 435.84375 KB)
  启动消耗内存: 358.6171875 KB
  路由消耗内存: 0.6328125 KB
  处理消耗内存: 6.765625 KB
  最大消耗内存: 435.84375 KB

[04-Dec-2016 22:31:11 Asia/Shanghai] (/Wechat/token) OPTIONS 资源消耗统计:
[文件加载顺序] (总计：13)
  [0] => public/index.php
  [1] => library/Bootstrap/dev.php
  [2] => library/Config.php
  [3] => library/Debug/Assertion.php
  [4] => library/Debug.php
  [5] => library/Debug/Header.php
  [6] => library/Debug/LogListener.php
  [7] => library/Logger.php
  [8] => library/Debug/SqlListener.php
  [9] => library/Service/Database.php
  [10] => library/Debug/Tracer.php
  [11] => app/controllers/Wechat.php
  [12] => library/Rest.php
[时间消耗统计] (总计: 0.856201171875 ms)
  定位启动耗时：0.033203125 ms
  加载插件耗时：0.2109375 ms
  路由分发耗时：0.015869140625 ms
  处理过程耗时: 0.59619140625 ms
  执行总共耗时：0.822998046875 ms
[内存消耗估计] (峰值: 601.3359375 KB)
  启动消耗内存: 358.6171875 KB
  路由消耗内存: 0.6328125 KB
  处理消耗内存: 172.2578125 KB
  最大消耗内存: 601.3359375 KB

[04-Dec-2016 22:31:25 Asia/Shanghai] (/User) OPTIONS 资源消耗统计:
[文件加载顺序] (总计：13)
  [0] => public/index.php
  [1] => library/Bootstrap/dev.php
  [2] => library/Config.php
  [3] => library/Debug/Assertion.php
  [4] => library/Debug.php
  [5] => library/Debug/Header.php
  [6] => library/Debug/LogListener.php
  [7] => library/Logger.php
  [8] => library/Debug/SqlListener.php
  [9] => library/Service/Database.php
  [10] => library/Debug/Tracer.php
  [11] => app/controllers/User.php
  [12] => library/Rest.php
[时间消耗统计] (总计: 0.4482421875 ms)
  定位启动耗时：0.05224609375 ms
  加载插件耗时：0.24072265625 ms
  路由分发耗时：0.015869140625 ms
  处理过程耗时: 0.139404296875 ms
  执行总共耗时：0.39599609375 ms
[内存消耗估计] (峰值: 435.796875 KB)
  启动消耗内存: 358.6015625 KB
  路由消耗内存: 0.6015625 KB
  处理消耗内存: 6.765625 KB
  最大消耗内存: 435.796875 KB

[04-Dec-2016 22:31:54 Asia/Shanghai] (/User) OPTIONS 资源消耗统计:
[文件加载顺序] (总计：13)
  [0] => public/index.php
  [1] => library/Bootstrap/dev.php
  [2] => library/Config.php
  [3] => library/Debug/Assertion.php
  [4] => library/Debug.php
  [5] => library/Debug/Header.php
  [6] => library/Debug/LogListener.php
  [7] => library/Logger.php
  [8] => library/Debug/SqlListener.php
  [9] => library/Service/Database.php
  [10] => library/Debug/Tracer.php
  [11] => app/controllers/User.php
  [12] => library/Rest.php
[时间消耗统计] (总计: 0.502197265625 ms)
  定位启动耗时：0.031982421875 ms
  加载插件耗时：0.14599609375 ms
  路由分发耗时：0.010009765625 ms
  处理过程耗时: 0.314208984375 ms
  执行总共耗时：0.47021484375 ms
[内存消耗估计] (峰值: 585.6640625 KB)
  启动消耗内存: 358.6015625 KB
  路由消耗内存: 0.6015625 KB
  处理消耗内存: 156.6328125 KB
  最大消耗内存: 585.6640625 KB

[04-Dec-2016 22:32:07 Asia/Shanghai] (/User) OPTIONS 资源消耗统计:
[文件加载顺序] (总计：13)
  [0] => public/index.php
  [1] => library/Bootstrap/dev.php
  [2] => library/Config.php
  [3] => library/Debug/Assertion.php
  [4] => library/Debug.php
  [5] => library/Debug/Header.php
  [6] => library/Debug/LogListener.php
  [7] => library/Logger.php
  [8] => library/Debug/SqlListener.php
  [9] => library/Service/Database.php
  [10] => library/Debug/Tracer.php
  [11] => app/controllers/User.php
  [12] => library/Rest.php
[时间消耗统计] (总计: 0.630859375 ms)
  定位启动耗时：0.07275390625 ms
  加载插件耗时：0.345947265625 ms
  路由分发耗时：0.023193359375 ms
  处理过程耗时: 0.18896484375 ms
  执行总共耗时：0.55810546875 ms
[内存消耗估计] (峰值: 435.796875 KB)
  启动消耗内存: 358.6015625 KB
  路由消耗内存: 0.6015625 KB
  处理消耗内存: 6.765625 KB
  最大消耗内存: 435.796875 KB

[04-Dec-2016 22:32:22 Asia/Shanghai] (/User) OPTIONS 资源消耗统计:
[文件加载顺序] (总计：13)
  [0] => public/index.php
  [1] => library/Bootstrap/dev.php
  [2] => library/Config.php
  [3] => library/Debug/Assertion.php
  [4] => library/Debug.php
  [5] => library/Debug/Header.php
  [6] => library/Debug/LogListener.php
  [7] => library/Logger.php
  [8] => library/Debug/SqlListener.php
  [9] => library/Service/Database.php
  [10] => library/Debug/Tracer.php
  [11] => app/controllers/User.php
  [12] => library/Rest.php
[时间消耗统计] (总计: 1.22314453125 ms)
  定位启动耗时：0.072021484375 ms
  加载插件耗时：0.344970703125 ms
  路由分发耗时：0.02099609375 ms
  处理过程耗时: 0.78515625 ms
  执行总共耗时：1.151123046875 ms
[内存消耗估计] (峰值: 585.6328125 KB)
  启动消耗内存: 358.6015625 KB
  路由消耗内存: 0.6015625 KB
  处理消耗内存: 156.6015625 KB
  最大消耗内存: 585.6328125 KB

[04-Dec-2016 22:32:22 Asia/Shanghai] (/User) POST 资源消耗统计:
[文件加载顺序] (总计：16)
  [0] => public/index.php
  [1] => library/Bootstrap/dev.php
  [2] => library/Config.php
  [3] => library/Debug/Assertion.php
  [4] => library/Debug.php
  [5] => library/Debug/Header.php
  [6] => library/Debug/LogListener.php
  [7] => library/Logger.php
  [8] => library/Debug/SqlListener.php
  [9] => library/Service/Database.php
  [10] => library/Debug/Tracer.php
  [11] => app/controllers/User.php
  [12] => library/Rest.php
  [13] => library/Input.php
  [14] => library/Db.php
  [15] => library/Orm.php
[时间消耗统计] (总计: 99.2568359375 ms)
  定位启动耗时：0.06982421875 ms
  加载插件耗时：0.3291015625 ms
  路由分发耗时：0.02392578125 ms
  处理过程耗时: 98.833984375 ms
  执行总共耗时：99.18701171875 ms
[内存消耗估计] (峰值: 524.8125 KB)
  启动消耗内存: 360.125 KB
  路由消耗内存: 0.6015625 KB
  处理消耗内存: 94.2578125 KB
  最大消耗内存: 524.8125 KB

[04-Dec-2016 22:32:24 Asia/Shanghai] (/User) OPTIONS 资源消耗统计:
[文件加载顺序] (总计：13)
  [0] => public/index.php
  [1] => library/Bootstrap/dev.php
  [2] => library/Config.php
  [3] => library/Debug/Assertion.php
  [4] => library/Debug.php
  [5] => library/Debug/Header.php
  [6] => library/Debug/LogListener.php
  [7] => library/Logger.php
  [8] => library/Debug/SqlListener.php
  [9] => library/Service/Database.php
  [10] => library/Debug/Tracer.php
  [11] => app/controllers/User.php
  [12] => library/Rest.php
[时间消耗统计] (总计: 0.264892578125 ms)
  定位启动耗时：0.0439453125 ms
  加载插件耗时：0.115966796875 ms
  路由分发耗时：0.009033203125 ms
  处理过程耗时: 0.095947265625 ms
  执行总共耗时：0.220947265625 ms
[内存消耗估计] (峰值: 435.765625 KB)
  启动消耗内存: 358.5703125 KB
  路由消耗内存: 0.6015625 KB
  处理消耗内存: 6.765625 KB
  最大消耗内存: 435.765625 KB

[04-Dec-2016 22:32:34 Asia/Shanghai] (/User) OPTIONS 资源消耗统计:
[文件加载顺序] (总计：13)
  [0] => public/index.php
  [1] => library/Bootstrap/dev.php
  [2] => library/Config.php
  [3] => library/Debug/Assertion.php
  [4] => library/Debug.php
  [5] => library/Debug/Header.php
  [6] => library/Debug/LogListener.php
  [7] => library/Logger.php
  [8] => library/Debug/SqlListener.php
  [9] => library/Service/Database.php
  [10] => library/Debug/Tracer.php
  [11] => app/controllers/User.php
  [12] => library/Rest.php
[时间消耗统计] (总计: 0.239990234375 ms)
  定位启动耗时：0.031005859375 ms
  加载插件耗时：0.1279296875 ms
  路由分发耗时：0.009033203125 ms
  处理过程耗时: 0.072021484375 ms
  执行总共耗时：0.208984375 ms
[内存消耗估计] (峰值: 435.765625 KB)
  启动消耗内存: 358.5703125 KB
  路由消耗内存: 0.6015625 KB
  处理消耗内存: 6.765625 KB
  最大消耗内存: 435.765625 KB

[04-Dec-2016 22:33:56 Asia/Shanghai] (/User) OPTIONS 资源消耗统计:
[文件加载顺序] (总计：13)
  [0] => public/index.php
  [1] => library/Bootstrap/dev.php
  [2] => library/Config.php
  [3] => library/Debug/Assertion.php
  [4] => library/Debug.php
  [5] => library/Debug/Header.php
  [6] => library/Debug/LogListener.php
  [7] => library/Logger.php
  [8] => library/Debug/SqlListener.php
  [9] => library/Service/Database.php
  [10] => library/Debug/Tracer.php
  [11] => app/controllers/User.php
  [12] => library/Rest.php
[时间消耗统计] (总计: 0.244873046875 ms)
  定位启动耗时：0.02587890625 ms
  加载插件耗时：0.136962890625 ms
  路由分发耗时：0.01318359375 ms
  处理过程耗时: 0.06884765625 ms
  执行总共耗时：0.218994140625 ms
[内存消耗估计] (峰值: 435.765625 KB)
  启动消耗内存: 358.5703125 KB
  路由消耗内存: 0.6015625 KB
  处理消耗内存: 6.765625 KB
  最大消耗内存: 435.765625 KB

[04-Dec-2016 22:34:04 Asia/Shanghai] (/User) OPTIONS 资源消耗统计:
[文件加载顺序] (总计：13)
  [0] => public/index.php
  [1] => library/Bootstrap/dev.php
  [2] => library/Config.php
  [3] => library/Debug/Assertion.php
  [4] => library/Debug.php
  [5] => library/Debug/Header.php
  [6] => library/Debug/LogListener.php
  [7] => library/Logger.php
  [8] => library/Debug/SqlListener.php
  [9] => library/Service/Database.php
  [10] => library/Debug/Tracer.php
  [11] => app/controllers/User.php
  [12] => library/Rest.php
[时间消耗统计] (总计: 0.3369140625 ms)
  定位启动耗时：0.046875 ms
  加载插件耗时：0.14990234375 ms
  路由分发耗时：0.01416015625 ms
  处理过程耗时: 0.1259765625 ms
  执行总共耗时：0.2900390625 ms
[内存消耗估计] (峰值: 435.765625 KB)
  启动消耗内存: 358.5703125 KB
  路由消耗内存: 0.6015625 KB
  处理消耗内存: 6.765625 KB
  最大消耗内存: 435.765625 KB

[04-Dec-2016 22:34:15 Asia/Shanghai] (/User) OPTIONS 资源消耗统计:
[文件加载顺序] (总计：13)
  [0] => public/index.php
  [1] => library/Bootstrap/dev.php
  [2] => library/Config.php
  [3] => library/Debug/Assertion.php
  [4] => library/Debug.php
  [5] => library/Debug/Header.php
  [6] => library/Debug/LogListener.php
  [7] => library/Logger.php
  [8] => library/Debug/SqlListener.php
  [9] => library/Service/Database.php
  [10] => library/Debug/Tracer.php
  [11] => app/controllers/User.php
  [12] => library/Rest.php
[时间消耗统计] (总计: 0.202880859375 ms)
  定位启动耗时：0.025146484375 ms
  加载插件耗时：0.097900390625 ms
  路由分发耗时：0.0078125 ms
  处理过程耗时: 0.072021484375 ms
  执行总共耗时：0.177734375 ms
[内存消耗估计] (峰值: 435.765625 KB)
  启动消耗内存: 358.5703125 KB
  路由消耗内存: 0.6015625 KB
  处理消耗内存: 6.765625 KB
  最大消耗内存: 435.765625 KB

[04-Dec-2016 22:36:18 Asia/Shanghai] (/User) OPTIONS 资源消耗统计:
[文件加载顺序] (总计：13)
  [0] => public/index.php
  [1] => library/Bootstrap/dev.php
  [2] => library/Config.php
  [3] => library/Debug/Assertion.php
  [4] => library/Debug.php
  [5] => library/Debug/Header.php
  [6] => library/Debug/LogListener.php
  [7] => library/Logger.php
  [8] => library/Debug/SqlListener.php
  [9] => library/Service/Database.php
  [10] => library/Debug/Tracer.php
  [11] => app/controllers/User.php
  [12] => library/Rest.php
[时间消耗统计] (总计: 0.214111328125 ms)
  定位启动耗时：0.02587890625 ms
  加载插件耗时：0.108154296875 ms
  路由分发耗时：0.008056640625 ms
  处理过程耗时: 0.072021484375 ms
  执行总共耗时：0.188232421875 ms
[内存消耗估计] (峰值: 435.765625 KB)
  启动消耗内存: 358.5703125 KB
  路由消耗内存: 0.6015625 KB
  处理消耗内存: 6.765625 KB
  最大消耗内存: 435.765625 KB

[04-Dec-2016 22:36:45 Asia/Shanghai] (/User) OPTIONS 资源消耗统计:
[文件加载顺序] (总计：13)
  [0] => public/index.php
  [1] => library/Bootstrap/dev.php
  [2] => library/Config.php
  [3] => library/Debug/Assertion.php
  [4] => library/Debug.php
  [5] => library/Debug/Header.php
  [6] => library/Debug/LogListener.php
  [7] => library/Logger.php
  [8] => library/Debug/SqlListener.php
  [9] => library/Service/Database.php
  [10] => library/Debug/Tracer.php
  [11] => app/controllers/User.php
  [12] => library/Rest.php
[时间消耗统计] (总计: 0.869873046875 ms)
  定位启动耗时：0.044921875 ms
  加载插件耗时：0.107177734375 ms
  路由分发耗时：0.008056640625 ms
  处理过程耗时: 0.709716796875 ms
  执行总共耗时：0.824951171875 ms
[内存消耗估计] (峰值: 608.96875 KB)
  启动消耗内存: 358.5703125 KB
  路由消耗内存: 0.6015625 KB
  处理消耗内存: 179.96875 KB
  最大消耗内存: 608.96875 KB

[04-Dec-2016 22:36:45 Asia/Shanghai] (/User) GET 资源消耗统计:
[文件加载顺序] (总计：15)
  [0] => public/index.php
  [1] => library/Bootstrap/dev.php
  [2] => library/Config.php
  [3] => library/Debug/Assertion.php
  [4] => library/Debug.php
  [5] => library/Debug/Header.php
  [6] => library/Debug/LogListener.php
  [7] => library/Logger.php
  [8] => library/Debug/SqlListener.php
  [9] => library/Service/Database.php
  [10] => library/Debug/Tracer.php
  [11] => app/controllers/User.php
  [12] => library/Rest.php
  [13] => library/Kv.php
  [14] => library/Storage/File.php
[时间消耗统计] (总计: 0.343017578125 ms)
  定位启动耗时：0.031005859375 ms
  加载插件耗时：0.158935546875 ms
  路由分发耗时：0.01806640625 ms
  处理过程耗时: 0.135009765625 ms
  执行总共耗时：0.31201171875 ms
[内存消耗估计] (峰值: 438.09375 KB)
  启动消耗内存: 358.4140625 KB
  路由消耗内存: 0.6015625 KB
  处理消耗内存: 9.25 KB
  最大消耗内存: 438.09375 KB

[04-Dec-2016 22:36:45 Asia/Shanghai] (/Wechat/token) OPTIONS 资源消耗统计:
[文件加载顺序] (总计：13)
  [0] => public/index.php
  [1] => library/Bootstrap/dev.php
  [2] => library/Config.php
  [3] => library/Debug/Assertion.php
  [4] => library/Debug.php
  [5] => library/Debug/Header.php
  [6] => library/Debug/LogListener.php
  [7] => library/Logger.php
  [8] => library/Debug/SqlListener.php
  [9] => library/Service/Database.php
  [10] => library/Debug/Tracer.php
  [11] => app/controllers/Wechat.php
  [12] => library/Rest.php
[时间消耗统计] (总计: 0.239013671875 ms)
  定位启动耗时：0.02685546875 ms
  加载插件耗时：0.119140625 ms
  路由分发耗时：0.017822265625 ms
  处理过程耗时: 0.0751953125 ms
  执行总共耗时：0.212158203125 ms
[内存消耗估计] (峰值: 435.84375 KB)
  启动消耗内存: 358.6171875 KB
  路由消耗内存: 0.6328125 KB
  处理消耗内存: 6.765625 KB
  最大消耗内存: 435.84375 KB

[04-Dec-2016 22:36:46 Asia/Shanghai] (/Wechat/token) OPTIONS 资源消耗统计:
[文件加载顺序] (总计：13)
  [0] => public/index.php
  [1] => library/Bootstrap/dev.php
  [2] => library/Config.php
  [3] => library/Debug/Assertion.php
  [4] => library/Debug.php
  [5] => library/Debug/Header.php
  [6] => library/Debug/LogListener.php
  [7] => library/Logger.php
  [8] => library/Debug/SqlListener.php
  [9] => library/Service/Database.php
  [10] => library/Debug/Tracer.php
  [11] => app/controllers/Wechat.php
  [12] => library/Rest.php
[时间消耗统计] (总计: 0.22509765625 ms)
  定位启动耗时：0.02734375 ms
  加载插件耗时：0.118896484375 ms
  路由分发耗时：0.009033203125 ms
  处理过程耗时: 0.06982421875 ms
  执行总共耗时：0.19775390625 ms
[内存消耗估计] (峰值: 435.84375 KB)
  启动消耗内存: 358.6171875 KB
  路由消耗内存: 0.6328125 KB
  处理消耗内存: 6.765625 KB
  最大消耗内存: 435.84375 KB

[04-Dec-2016 22:36:58 Asia/Shanghai] (/User) OPTIONS 资源消耗统计:
[文件加载顺序] (总计：13)
  [0] => public/index.php
  [1] => library/Bootstrap/dev.php
  [2] => library/Config.php
  [3] => library/Debug/Assertion.php
  [4] => library/Debug.php
  [5] => library/Debug/Header.php
  [6] => library/Debug/LogListener.php
  [7] => library/Logger.php
  [8] => library/Debug/SqlListener.php
  [9] => library/Service/Database.php
  [10] => library/Debug/Tracer.php
  [11] => app/controllers/User.php
  [12] => library/Rest.php
[时间消耗统计] (总计: 0.430908203125 ms)
  定位启动耗时：0.0498046875 ms
  加载插件耗时：0.234130859375 ms
  路由分发耗时：0.01513671875 ms
  处理过程耗时: 0.1318359375 ms
  执行总共耗时：0.381103515625 ms
[内存消耗估计] (峰值: 435.796875 KB)
  启动消耗内存: 358.6015625 KB
  路由消耗内存: 0.6015625 KB
  处理消耗内存: 6.765625 KB
  最大消耗内存: 435.796875 KB

[04-Dec-2016 22:36:58 Asia/Shanghai] (/User) POST 资源消耗统计:
[文件加载顺序] (总计：20)
  [0] => public/index.php
  [1] => library/Bootstrap/dev.php
  [2] => library/Config.php
  [3] => library/Debug/Assertion.php
  [4] => library/Debug.php
  [5] => library/Debug/Header.php
  [6] => library/Debug/LogListener.php
  [7] => library/Logger.php
  [8] => library/Debug/SqlListener.php
  [9] => library/Service/Database.php
  [10] => library/Debug/Tracer.php
  [11] => app/controllers/User.php
  [12] => library/Rest.php
  [13] => library/Input.php
  [14] => library/Db.php
  [15] => library/Orm.php
  [16] => library/Kv.php
  [17] => library/Storage/File.php
  [18] => library/Random.php
  [19] => library/Encrypt.php
[时间消耗统计] (总计: 85.5498046875 ms)
  定位启动耗时：0.031005859375 ms
  加载插件耗时：0.121826171875 ms
  路由分发耗时：0.01318359375 ms
  处理过程耗时: 85.3837890625 ms
  执行总共耗时：85.518798828125 ms
[内存消耗估计] (峰值: 741.640625 KB)
  启动消耗内存: 360.125 KB
  路由消耗内存: 0.6015625 KB
  处理消耗内存: 311.0859375 KB
  最大消耗内存: 741.640625 KB

[04-Dec-2016 22:36:59 Asia/Shanghai] (/User) OPTIONS 资源消耗统计:
[文件加载顺序] (总计：13)
  [0] => public/index.php
  [1] => library/Bootstrap/dev.php
  [2] => library/Config.php
  [3] => library/Debug/Assertion.php
  [4] => library/Debug.php
  [5] => library/Debug/Header.php
  [6] => library/Debug/LogListener.php
  [7] => library/Logger.php
  [8] => library/Debug/SqlListener.php
  [9] => library/Service/Database.php
  [10] => library/Debug/Tracer.php
  [11] => app/controllers/User.php
  [12] => library/Rest.php
[时间消耗统计] (总计: 0.3330078125 ms)
  定位启动耗时：0.027099609375 ms
  加载插件耗时：0.09375 ms
  路由分发耗时：0.027099609375 ms
  处理过程耗时: 0.18505859375 ms
  执行总共耗时：0.305908203125 ms
[内存消耗估计] (峰值: 435.765625 KB)
  启动消耗内存: 358.5703125 KB
  路由消耗内存: 0.6015625 KB
  处理消耗内存: 6.765625 KB
  最大消耗内存: 435.765625 KB

[04-Dec-2016 22:37:00 Asia/Shanghai] (/User) GET 资源消耗统计:
[文件加载顺序] (总计：16)
  [0] => public/index.php
  [1] => library/Bootstrap/dev.php
  [2] => library/Config.php
  [3] => library/Debug/Assertion.php
  [4] => library/Debug.php
  [5] => library/Debug/Header.php
  [6] => library/Debug/LogListener.php
  [7] => library/Logger.php
  [8] => library/Debug/SqlListener.php
  [9] => library/Service/Database.php
  [10] => library/Debug/Tracer.php
  [11] => app/controllers/User.php
  [12] => library/Rest.php
  [13] => library/Kv.php
  [14] => library/Storage/File.php
  [15] => library/Encrypt.php
[时间消耗统计] (总计: 0.455078125 ms)
  定位启动耗时：0.027099609375 ms
  加载插件耗时：0.10205078125 ms
  路由分发耗时：0.134765625 ms
  处理过程耗时: 0.191162109375 ms
  执行总共耗时：0.427978515625 ms
[内存消耗估计] (峰值: 457.0859375 KB)
  启动消耗内存: 358.5859375 KB
  路由消耗内存: 0.6015625 KB
  处理消耗内存: 28.0703125 KB
  最大消耗内存: 457.0859375 KB

[04-Dec-2016 22:37:00 Asia/Shanghai] (/Wechat/token) OPTIONS 资源消耗统计:
[文件加载顺序] (总计：13)
  [0] => public/index.php
  [1] => library/Bootstrap/dev.php
  [2] => library/Config.php
  [3] => library/Debug/Assertion.php
  [4] => library/Debug.php
  [5] => library/Debug/Header.php
  [6] => library/Debug/LogListener.php
  [7] => library/Logger.php
  [8] => library/Debug/SqlListener.php
  [9] => library/Service/Database.php
  [10] => library/Debug/Tracer.php
  [11] => app/controllers/Wechat.php
  [12] => library/Rest.php
[时间消耗统计] (总计: 0.4501953125 ms)
  定位启动耗时：0.05419921875 ms
  加载插件耗时：0.309814453125 ms
  路由分发耗时：0.01318359375 ms
  处理过程耗时: 0.072998046875 ms
  执行总共耗时：0.39599609375 ms
[内存消耗估计] (峰值: 435.84375 KB)
  启动消耗内存: 358.6171875 KB
  路由消耗内存: 0.6328125 KB
  处理消耗内存: 6.765625 KB
  最大消耗内存: 435.84375 KB

[04-Dec-2016 22:37:05 Asia/Shanghai] (/User) OPTIONS 资源消耗统计:
[文件加载顺序] (总计：13)
  [0] => public/index.php
  [1] => library/Bootstrap/dev.php
  [2] => library/Config.php
  [3] => library/Debug/Assertion.php
  [4] => library/Debug.php
  [5] => library/Debug/Header.php
  [6] => library/Debug/LogListener.php
  [7] => library/Logger.php
  [8] => library/Debug/SqlListener.php
  [9] => library/Service/Database.php
  [10] => library/Debug/Tracer.php
  [11] => app/controllers/User.php
  [12] => library/Rest.php
[时间消耗统计] (总计: 0.239013671875 ms)
  定位启动耗时：0.02685546875 ms
  加载插件耗时：0.108154296875 ms
  路由分发耗时：0.0078125 ms
  处理过程耗时: 0.09619140625 ms
  执行总共耗时：0.212158203125 ms
[内存消耗估计] (峰值: 435.765625 KB)
  启动消耗内存: 358.5703125 KB
  路由消耗内存: 0.6015625 KB
  处理消耗内存: 6.765625 KB
  最大消耗内存: 435.765625 KB

[04-Dec-2016 22:37:05 Asia/Shanghai] (/User) GET 资源消耗统计:
[文件加载顺序] (总计：16)
  [0] => public/index.php
  [1] => library/Bootstrap/dev.php
  [2] => library/Config.php
  [3] => library/Debug/Assertion.php
  [4] => library/Debug.php
  [5] => library/Debug/Header.php
  [6] => library/Debug/LogListener.php
  [7] => library/Logger.php
  [8] => library/Debug/SqlListener.php
  [9] => library/Service/Database.php
  [10] => library/Debug/Tracer.php
  [11] => app/controllers/User.php
  [12] => library/Rest.php
  [13] => library/Kv.php
  [14] => library/Storage/File.php
  [15] => library/Encrypt.php
[时间消耗统计] (总计: 0.450927734375 ms)
  定位启动耗时：0.027099609375 ms
  加载插件耗时：0.112060546875 ms
  路由分发耗时：0.013671875 ms
  处理过程耗时: 0.298095703125 ms
  执行总共耗时：0.423828125 ms
[内存消耗估计] (峰值: 457.0859375 KB)
  启动消耗内存: 358.5859375 KB
  路由消耗内存: 0.6015625 KB
  处理消耗内存: 28.0703125 KB
  最大消耗内存: 457.0859375 KB

[04-Dec-2016 22:37:05 Asia/Shanghai] (/Wechat/token) OPTIONS 资源消耗统计:
[文件加载顺序] (总计：13)
  [0] => public/index.php
  [1] => library/Bootstrap/dev.php
  [2] => library/Config.php
  [3] => library/Debug/Assertion.php
  [4] => library/Debug.php
  [5] => library/Debug/Header.php
  [6] => library/Debug/LogListener.php
  [7] => library/Logger.php
  [8] => library/Debug/SqlListener.php
  [9] => library/Service/Database.php
  [10] => library/Debug/Tracer.php
  [11] => app/controllers/Wechat.php
  [12] => library/Rest.php
[时间消耗统计] (总计: 0.31201171875 ms)
  定位启动耗时：0.027099609375 ms
  加载插件耗时：0.099853515625 ms
  路由分发耗时：0.009033203125 ms
  处理过程耗时: 0.176025390625 ms
  执行总共耗时：0.284912109375 ms
[内存消耗估计] (峰值: 435.84375 KB)
  启动消耗内存: 358.6171875 KB
  路由消耗内存: 0.6328125 KB
  处理消耗内存: 6.765625 KB
  最大消耗内存: 435.84375 KB

[04-Dec-2016 22:38:00 Asia/Shanghai] (/User) OPTIONS 资源消耗统计:
[文件加载顺序] (总计：13)
  [0] => public/index.php
  [1] => library/Bootstrap/dev.php
  [2] => library/Config.php
  [3] => library/Debug/Assertion.php
  [4] => library/Debug.php
  [5] => library/Debug/Header.php
  [6] => library/Debug/LogListener.php
  [7] => library/Logger.php
  [8] => library/Debug/SqlListener.php
  [9] => library/Service/Database.php
  [10] => library/Debug/Tracer.php
  [11] => app/controllers/User.php
  [12] => library/Rest.php
[时间消耗统计] (总计: 0.258056640625 ms)
  定位启动耗时：0.056884765625 ms
  加载插件耗时：0.135009765625 ms
  路由分发耗时：0.008056640625 ms
  处理过程耗时: 0.05810546875 ms
  执行总共耗时：0.201171875 ms
[内存消耗估计] (峰值: 435.765625 KB)
  启动消耗内存: 358.5703125 KB
  路由消耗内存: 0.6015625 KB
  处理消耗内存: 6.765625 KB
  最大消耗内存: 435.765625 KB

[04-Dec-2016 22:38:00 Asia/Shanghai] (/User) GET 资源消耗统计:
[文件加载顺序] (总计：16)
  [0] => public/index.php
  [1] => library/Bootstrap/dev.php
  [2] => library/Config.php
  [3] => library/Debug/Assertion.php
  [4] => library/Debug.php
  [5] => library/Debug/Header.php
  [6] => library/Debug/LogListener.php
  [7] => library/Logger.php
  [8] => library/Debug/SqlListener.php
  [9] => library/Service/Database.php
  [10] => library/Debug/Tracer.php
  [11] => app/controllers/User.php
  [12] => library/Rest.php
  [13] => library/Kv.php
  [14] => library/Storage/File.php
  [15] => library/Encrypt.php
[时间消耗统计] (总计: 0.47119140625 ms)
  定位启动耗时：0.041015625 ms
  加载插件耗时：0.135009765625 ms
  路由分发耗时：0.01318359375 ms
  处理过程耗时: 0.281982421875 ms
  执行总共耗时：0.43017578125 ms
[内存消耗估计] (峰值: 457.0859375 KB)
  启动消耗内存: 358.5859375 KB
  路由消耗内存: 0.6015625 KB
  处理消耗内存: 28.0703125 KB
  最大消耗内存: 457.0859375 KB

[04-Dec-2016 22:38:00 Asia/Shanghai] (/Wechat/token) OPTIONS 资源消耗统计:
[文件加载顺序] (总计：13)
  [0] => public/index.php
  [1] => library/Bootstrap/dev.php
  [2] => library/Config.php
  [3] => library/Debug/Assertion.php
  [4] => library/Debug.php
  [5] => library/Debug/Header.php
  [6] => library/Debug/LogListener.php
  [7] => library/Logger.php
  [8] => library/Debug/SqlListener.php
  [9] => library/Service/Database.php
  [10] => library/Debug/Tracer.php
  [11] => app/controllers/Wechat.php
  [12] => library/Rest.php
[时间消耗统计] (总计: 0.244140625 ms)
  定位启动耗时：0.02685546875 ms
  加载插件耗时：0.1171875 ms
  路由分发耗时：0.012939453125 ms
  处理过程耗时: 0.087158203125 ms
  执行总共耗时：0.21728515625 ms
[内存消耗估计] (峰值: 435.84375 KB)
  启动消耗内存: 358.6171875 KB
  路由消耗内存: 0.6328125 KB
  处理消耗内存: 6.765625 KB
  最大消耗内存: 435.84375 KB

[04-Dec-2016 22:38:12 Asia/Shanghai] (/User) OPTIONS 资源消耗统计:
[文件加载顺序] (总计：13)
  [0] => public/index.php
  [1] => library/Bootstrap/dev.php
  [2] => library/Config.php
  [3] => library/Debug/Assertion.php
  [4] => library/Debug.php
  [5] => library/Debug/Header.php
  [6] => library/Debug/LogListener.php
  [7] => library/Logger.php
  [8] => library/Debug/SqlListener.php
  [9] => library/Service/Database.php
  [10] => library/Debug/Tracer.php
  [11] => app/controllers/User.php
  [12] => library/Rest.php
[时间消耗统计] (总计: 0.348876953125 ms)
  定位启动耗时：0.028076171875 ms
  加载插件耗时：0.171875 ms
  路由分发耗时：0.03515625 ms
  处理过程耗时: 0.11376953125 ms
  执行总共耗时：0.32080078125 ms
[内存消耗估计] (峰值: 435.765625 KB)
  启动消耗内存: 358.5703125 KB
  路由消耗内存: 0.6015625 KB
  处理消耗内存: 6.765625 KB
  最大消耗内存: 435.765625 KB

[04-Dec-2016 22:38:12 Asia/Shanghai] (/User) GET 资源消耗统计:
[文件加载顺序] (总计：16)
  [0] => public/index.php
  [1] => library/Bootstrap/dev.php
  [2] => library/Config.php
  [3] => library/Debug/Assertion.php
  [4] => library/Debug.php
  [5] => library/Debug/Header.php
  [6] => library/Debug/LogListener.php
  [7] => library/Logger.php
  [8] => library/Debug/SqlListener.php
  [9] => library/Service/Database.php
  [10] => library/Debug/Tracer.php
  [11] => app/controllers/User.php
  [12] => library/Rest.php
  [13] => library/Kv.php
  [14] => library/Storage/File.php
  [15] => library/Encrypt.php
[时间消耗统计] (总计: 0.4208984375 ms)
  定位启动耗时：0.02685546875 ms
  加载插件耗时：0.10302734375 ms
  路由分发耗时：0.02294921875 ms
  处理过程耗时: 0.26806640625 ms
  执行总共耗时：0.39404296875 ms
[内存消耗估计] (峰值: 457.0859375 KB)
  启动消耗内存: 358.5859375 KB
  路由消耗内存: 0.6015625 KB
  处理消耗内存: 28.0703125 KB
  最大消耗内存: 457.0859375 KB

[04-Dec-2016 22:38:12 Asia/Shanghai] (/Wechat/token) OPTIONS 资源消耗统计:
[文件加载顺序] (总计：13)
  [0] => public/index.php
  [1] => library/Bootstrap/dev.php
  [2] => library/Config.php
  [3] => library/Debug/Assertion.php
  [4] => library/Debug.php
  [5] => library/Debug/Header.php
  [6] => library/Debug/LogListener.php
  [7] => library/Logger.php
  [8] => library/Debug/SqlListener.php
  [9] => library/Service/Database.php
  [10] => library/Debug/Tracer.php
  [11] => app/controllers/Wechat.php
  [12] => library/Rest.php
[时间消耗统计] (总计: 0.240966796875 ms)
  定位启动耗时：0.02587890625 ms
  加载插件耗时：0.112060546875 ms
  路由分发耗时：0.03515625 ms
  处理过程耗时: 0.06787109375 ms
  执行总共耗时：0.215087890625 ms
[内存消耗估计] (峰值: 435.84375 KB)
  启动消耗内存: 358.6171875 KB
  路由消耗内存: 0.6328125 KB
  处理消耗内存: 6.765625 KB
  最大消耗内存: 435.84375 KB

[04-Dec-2016 22:38:40 Asia/Shanghai] (/User) OPTIONS 资源消耗统计:
[文件加载顺序] (总计：13)
  [0] => public/index.php
  [1] => library/Bootstrap/dev.php
  [2] => library/Config.php
  [3] => library/Debug/Assertion.php
  [4] => library/Debug.php
  [5] => library/Debug/Header.php
  [6] => library/Debug/LogListener.php
  [7] => library/Logger.php
  [8] => library/Debug/SqlListener.php
  [9] => library/Service/Database.php
  [10] => library/Debug/Tracer.php
  [11] => app/controllers/User.php
  [12] => library/Rest.php
[时间消耗统计] (总计: 0.259033203125 ms)
  定位启动耗时：0.031005859375 ms
  加载插件耗时：0.129150390625 ms
  路由分发耗时：0.013671875 ms
  处理过程耗时: 0.085205078125 ms
  执行总共耗时：0.22802734375 ms
[内存消耗估计] (峰值: 435.765625 KB)
  启动消耗内存: 358.5703125 KB
  路由消耗内存: 0.6015625 KB
  处理消耗内存: 6.765625 KB
  最大消耗内存: 435.765625 KB

[04-Dec-2016 22:38:40 Asia/Shanghai] (/User) GET 资源消耗统计:
[文件加载顺序] (总计：16)
  [0] => public/index.php
  [1] => library/Bootstrap/dev.php
  [2] => library/Config.php
  [3] => library/Debug/Assertion.php
  [4] => library/Debug.php
  [5] => library/Debug/Header.php
  [6] => library/Debug/LogListener.php
  [7] => library/Logger.php
  [8] => library/Debug/SqlListener.php
  [9] => library/Service/Database.php
  [10] => library/Debug/Tracer.php
  [11] => app/controllers/User.php
  [12] => library/Rest.php
  [13] => library/Kv.php
  [14] => library/Storage/File.php
  [15] => library/Encrypt.php
[时间消耗统计] (总计: 0.427978515625 ms)
  定位启动耗时：0.025146484375 ms
  加载插件耗时：0.096923828125 ms
  路由分发耗时：0.009033203125 ms
  处理过程耗时: 0.296875 ms
  执行总共耗时：0.40283203125 ms
[内存消耗估计] (峰值: 457.0859375 KB)
  启动消耗内存: 358.5859375 KB
  路由消耗内存: 0.6015625 KB
  处理消耗内存: 28.0703125 KB
  最大消耗内存: 457.0859375 KB

[04-Dec-2016 22:38:40 Asia/Shanghai] (/Wechat/token) OPTIONS 资源消耗统计:
[文件加载顺序] (总计：13)
  [0] => public/index.php
  [1] => library/Bootstrap/dev.php
  [2] => library/Config.php
  [3] => library/Debug/Assertion.php
  [4] => library/Debug.php
  [5] => library/Debug/Header.php
  [6] => library/Debug/LogListener.php
  [7] => library/Logger.php
  [8] => library/Debug/SqlListener.php
  [9] => library/Service/Database.php
  [10] => library/Debug/Tracer.php
  [11] => app/controllers/Wechat.php
  [12] => library/Rest.php
[时间消耗统计] (总计: 0.22607421875 ms)
  定位启动耗时：0.031005859375 ms
  加载插件耗时：0.109130859375 ms
  路由分发耗时：0.013916015625 ms
  处理过程耗时: 0.072021484375 ms
  执行总共耗时：0.195068359375 ms
[内存消耗估计] (峰值: 435.84375 KB)
  启动消耗内存: 358.6171875 KB
  路由消耗内存: 0.6328125 KB
  处理消耗内存: 6.765625 KB
  最大消耗内存: 435.84375 KB

[04-Dec-2016 22:47:35 Asia/Shanghai] (/User) OPTIONS 资源消耗统计:
[文件加载顺序] (总计：13)
  [0] => public/index.php
  [1] => library/Bootstrap/dev.php
  [2] => library/Config.php
  [3] => library/Debug/Assertion.php
  [4] => library/Debug.php
  [5] => library/Debug/Header.php
  [6] => library/Debug/LogListener.php
  [7] => library/Logger.php
  [8] => library/Debug/SqlListener.php
  [9] => library/Service/Database.php
  [10] => library/Debug/Tracer.php
  [11] => app/controllers/User.php
  [12] => library/Rest.php
[时间消耗统计] (总计: 0.243896484375 ms)
  定位启动耗时：0.03369140625 ms
  加载插件耗时：0.13623046875 ms
  路由分发耗时：0.0078125 ms
  处理过程耗时: 0.066162109375 ms
  执行总共耗时：0.210205078125 ms
[内存消耗估计] (峰值: 435.765625 KB)
  启动消耗内存: 358.5703125 KB
  路由消耗内存: 0.6015625 KB
  处理消耗内存: 6.765625 KB
  最大消耗内存: 435.765625 KB

[04-Dec-2016 22:47:35 Asia/Shanghai] (/User) GET 资源消耗统计:
[文件加载顺序] (总计：16)
  [0] => public/index.php
  [1] => library/Bootstrap/dev.php
  [2] => library/Config.php
  [3] => library/Debug/Assertion.php
  [4] => library/Debug.php
  [5] => library/Debug/Header.php
  [6] => library/Debug/LogListener.php
  [7] => library/Logger.php
  [8] => library/Debug/SqlListener.php
  [9] => library/Service/Database.php
  [10] => library/Debug/Tracer.php
  [11] => app/controllers/User.php
  [12] => library/Rest.php
  [13] => library/Kv.php
  [14] => library/Storage/File.php
  [15] => library/Encrypt.php
[时间消耗统计] (总计: 0.40478515625 ms)
  定位启动耗时：0.02685546875 ms
  加载插件耗时：0.1240234375 ms
  路由分发耗时：0.01806640625 ms
  处理过程耗时: 0.23583984375 ms
  执行总共耗时：0.3779296875 ms
[内存消耗估计] (峰值: 457.0859375 KB)
  启动消耗内存: 358.5859375 KB
  路由消耗内存: 0.6015625 KB
  处理消耗内存: 28.0703125 KB
  最大消耗内存: 457.0859375 KB

[04-Dec-2016 22:47:35 Asia/Shanghai] (/Wechat/token) OPTIONS 资源消耗统计:
[文件加载顺序] (总计：13)
  [0] => public/index.php
  [1] => library/Bootstrap/dev.php
  [2] => library/Config.php
  [3] => library/Debug/Assertion.php
  [4] => library/Debug.php
  [5] => library/Debug/Header.php
  [6] => library/Debug/LogListener.php
  [7] => library/Logger.php
  [8] => library/Debug/SqlListener.php
  [9] => library/Service/Database.php
  [10] => library/Debug/Tracer.php
  [11] => app/controllers/Wechat.php
  [12] => library/Rest.php
[时间消耗统计] (总计: 0.26611328125 ms)
  定位启动耗时：0.02685546875 ms
  加载插件耗时：0.135009765625 ms
  路由分发耗时：0.01318359375 ms
  处理过程耗时: 0.091064453125 ms
  执行总共耗时：0.2392578125 ms
[内存消耗估计] (峰值: 435.84375 KB)
  启动消耗内存: 358.6171875 KB
  路由消耗内存: 0.6328125 KB
  处理消耗内存: 6.765625 KB
  最大消耗内存: 435.84375 KB

[04-Dec-2016 22:49:38 Asia/Shanghai] (/User) OPTIONS 资源消耗统计:
[文件加载顺序] (总计：13)
  [0] => public/index.php
  [1] => library/Bootstrap/dev.php
  [2] => library/Config.php
  [3] => library/Debug/Assertion.php
  [4] => library/Debug.php
  [5] => library/Debug/Header.php
  [6] => library/Debug/LogListener.php
  [7] => library/Logger.php
  [8] => library/Debug/SqlListener.php
  [9] => library/Service/Database.php
  [10] => library/Debug/Tracer.php
  [11] => app/controllers/User.php
  [12] => library/Rest.php
[时间消耗统计] (总计: 0.285888671875 ms)
  定位启动耗时：0.033935546875 ms
  加载插件耗时：0.14404296875 ms
  路由分发耗时：0.02197265625 ms
  处理过程耗时: 0.0859375 ms
  执行总共耗时：0.251953125 ms
[内存消耗估计] (峰值: 435.765625 KB)
  启动消耗内存: 358.5703125 KB
  路由消耗内存: 0.6015625 KB
  处理消耗内存: 6.765625 KB
  最大消耗内存: 435.765625 KB

[04-Dec-2016 22:49:38 Asia/Shanghai] (/User) GET 资源消耗统计:
[文件加载顺序] (总计：16)
  [0] => public/index.php
  [1] => library/Bootstrap/dev.php
  [2] => library/Config.php
  [3] => library/Debug/Assertion.php
  [4] => library/Debug.php
  [5] => library/Debug/Header.php
  [6] => library/Debug/LogListener.php
  [7] => library/Logger.php
  [8] => library/Debug/SqlListener.php
  [9] => library/Service/Database.php
  [10] => library/Debug/Tracer.php
  [11] => app/controllers/User.php
  [12] => library/Rest.php
  [13] => library/Kv.php
  [14] => library/Storage/File.php
  [15] => library/Encrypt.php
[时间消耗统计] (总计: 0.347900390625 ms)
  定位启动耗时：0.041015625 ms
  加载插件耗时：0.093994140625 ms
  路由分发耗时：0.009033203125 ms
  处理过程耗时: 0.203857421875 ms
  执行总共耗时：0.306884765625 ms
[内存消耗估计] (峰值: 457.0859375 KB)
  启动消耗内存: 358.5859375 KB
  路由消耗内存: 0.6015625 KB
  处理消耗内存: 28.0703125 KB
  最大消耗内存: 457.0859375 KB

[04-Dec-2016 22:49:38 Asia/Shanghai] (/Wechat/token) OPTIONS 资源消耗统计:
[文件加载顺序] (总计：13)
  [0] => public/index.php
  [1] => library/Bootstrap/dev.php
  [2] => library/Config.php
  [3] => library/Debug/Assertion.php
  [4] => library/Debug.php
  [5] => library/Debug/Header.php
  [6] => library/Debug/LogListener.php
  [7] => library/Logger.php
  [8] => library/Debug/SqlListener.php
  [9] => library/Service/Database.php
  [10] => library/Debug/Tracer.php
  [11] => app/controllers/Wechat.php
  [12] => library/Rest.php
[时间消耗统计] (总计: 0.276123046875 ms)
  定位启动耗时：0.0322265625 ms
  加载插件耗时：0.093994140625 ms
  路由分发耗时：0.02294921875 ms
  处理过程耗时: 0.126953125 ms
  执行总共耗时：0.243896484375 ms
[内存消耗估计] (峰值: 435.84375 KB)
  启动消耗内存: 358.6171875 KB
  路由消耗内存: 0.6328125 KB
  处理消耗内存: 6.765625 KB
  最大消耗内存: 435.84375 KB

[04-Dec-2016 22:50:49 Asia/Shanghai] (/User) OPTIONS 资源消耗统计:
[文件加载顺序] (总计：13)
  [0] => public/index.php
  [1] => library/Bootstrap/dev.php
  [2] => library/Config.php
  [3] => library/Debug/Assertion.php
  [4] => library/Debug.php
  [5] => library/Debug/Header.php
  [6] => library/Debug/LogListener.php
  [7] => library/Logger.php
  [8] => library/Debug/SqlListener.php
  [9] => library/Service/Database.php
  [10] => library/Debug/Tracer.php
  [11] => app/controllers/User.php
  [12] => library/Rest.php
[时间消耗统计] (总计: 0.2080078125 ms)
  定位启动耗时：0.0361328125 ms
  加载插件耗时：0.103759765625 ms
  路由分发耗时：0.009033203125 ms
  处理过程耗时: 0.05908203125 ms
  执行总共耗时：0.171875 ms
[内存消耗估计] (峰值: 435.765625 KB)
  启动消耗内存: 358.5703125 KB
  路由消耗内存: 0.6015625 KB
  处理消耗内存: 6.765625 KB
  最大消耗内存: 435.765625 KB

[04-Dec-2016 22:50:50 Asia/Shanghai] (/User) GET 资源消耗统计:
[文件加载顺序] (总计：16)
  [0] => public/index.php
  [1] => library/Bootstrap/dev.php
  [2] => library/Config.php
  [3] => library/Debug/Assertion.php
  [4] => library/Debug.php
  [5] => library/Debug/Header.php
  [6] => library/Debug/LogListener.php
  [7] => library/Logger.php
  [8] => library/Debug/SqlListener.php
  [9] => library/Service/Database.php
  [10] => library/Debug/Tracer.php
  [11] => app/controllers/User.php
  [12] => library/Rest.php
  [13] => library/Kv.php
  [14] => library/Storage/File.php
  [15] => library/Encrypt.php
[时间消耗统计] (总计: 0.52001953125 ms)
  定位启动耗时：0.023193359375 ms
  加载插件耗时：0.099853515625 ms
  路由分发耗时：0.008056640625 ms
  处理过程耗时: 0.388916015625 ms
  执行总共耗时：0.496826171875 ms
[内存消耗估计] (峰值: 457.0859375 KB)
  启动消耗内存: 358.5859375 KB
  路由消耗内存: 0.6015625 KB
  处理消耗内存: 28.0703125 KB
  最大消耗内存: 457.0859375 KB

[04-Dec-2016 22:50:50 Asia/Shanghai] (/Wechat/token) OPTIONS 资源消耗统计:
[文件加载顺序] (总计：13)
  [0] => public/index.php
  [1] => library/Bootstrap/dev.php
  [2] => library/Config.php
  [3] => library/Debug/Assertion.php
  [4] => library/Debug.php
  [5] => library/Debug/Header.php
  [6] => library/Debug/LogListener.php
  [7] => library/Logger.php
  [8] => library/Debug/SqlListener.php
  [9] => library/Service/Database.php
  [10] => library/Debug/Tracer.php
  [11] => app/controllers/Wechat.php
  [12] => library/Rest.php
[时间消耗统计] (总计: 0.23193359375 ms)
  定位启动耗时：0.0361328125 ms
  加载插件耗时：0.098876953125 ms
  路由分发耗时：0.009033203125 ms
  处理过程耗时: 0.087890625 ms
  执行总共耗时：0.19580078125 ms
[内存消耗估计] (峰值: 435.84375 KB)
  启动消耗内存: 358.6171875 KB
  路由消耗内存: 0.6328125 KB
  处理消耗内存: 6.765625 KB
  最大消耗内存: 435.84375 KB

[04-Dec-2016 22:51:23 Asia/Shanghai] (/User) OPTIONS 资源消耗统计:
[文件加载顺序] (总计：13)
  [0] => public/index.php
  [1] => library/Bootstrap/dev.php
  [2] => library/Config.php
  [3] => library/Debug/Assertion.php
  [4] => library/Debug.php
  [5] => library/Debug/Header.php
  [6] => library/Debug/LogListener.php
  [7] => library/Logger.php
  [8] => library/Debug/SqlListener.php
  [9] => library/Service/Database.php
  [10] => library/Debug/Tracer.php
  [11] => app/controllers/User.php
  [12] => library/Rest.php
[时间消耗统计] (总计: 0.2509765625 ms)
  定位启动耗时：0.031005859375 ms
  加载插件耗时：0.126220703125 ms
  路由分发耗时：0.0126953125 ms
  处理过程耗时: 0.0810546875 ms
  执行总共耗时：0.219970703125 ms
[内存消耗估计] (峰值: 435.765625 KB)
  启动消耗内存: 358.5703125 KB
  路由消耗内存: 0.6015625 KB
  处理消耗内存: 6.765625 KB
  最大消耗内存: 435.765625 KB

[04-Dec-2016 22:51:23 Asia/Shanghai] (/User) GET 资源消耗统计:
[文件加载顺序] (总计：16)
  [0] => public/index.php
  [1] => library/Bootstrap/dev.php
  [2] => library/Config.php
  [3] => library/Debug/Assertion.php
  [4] => library/Debug.php
  [5] => library/Debug/Header.php
  [6] => library/Debug/LogListener.php
  [7] => library/Logger.php
  [8] => library/Debug/SqlListener.php
  [9] => library/Service/Database.php
  [10] => library/Debug/Tracer.php
  [11] => app/controllers/User.php
  [12] => library/Rest.php
  [13] => library/Kv.php
  [14] => library/Storage/File.php
  [15] => library/Encrypt.php
[时间消耗统计] (总计: 0.510986328125 ms)
  定位启动耗时：0.06298828125 ms
  加载插件耗时：0.10791015625 ms
  路由分发耗时：0.050048828125 ms
  处理过程耗时: 0.2900390625 ms
  执行总共耗时：0.447998046875 ms
[内存消耗估计] (峰值: 457.0859375 KB)
  启动消耗内存: 358.5859375 KB
  路由消耗内存: 0.6015625 KB
  处理消耗内存: 28.0703125 KB
  最大消耗内存: 457.0859375 KB

[04-Dec-2016 22:51:23 Asia/Shanghai] (/Wechat/token) OPTIONS 资源消耗统计:
[文件加载顺序] (总计：13)
  [0] => public/index.php
  [1] => library/Bootstrap/dev.php
  [2] => library/Config.php
  [3] => library/Debug/Assertion.php
  [4] => library/Debug.php
  [5] => library/Debug/Header.php
  [6] => library/Debug/LogListener.php
  [7] => library/Logger.php
  [8] => library/Debug/SqlListener.php
  [9] => library/Service/Database.php
  [10] => library/Debug/Tracer.php
  [11] => app/controllers/Wechat.php
  [12] => library/Rest.php
[时间消耗统计] (总计: 0.248779296875 ms)
  定位启动耗时：0.02685546875 ms
  加载插件耗时：0.098876953125 ms
  路由分发耗时：0.01416015625 ms
  处理过程耗时: 0.10888671875 ms
  执行总共耗时：0.221923828125 ms
[内存消耗估计] (峰值: 435.84375 KB)
  启动消耗内存: 358.6171875 KB
  路由消耗内存: 0.6328125 KB
  处理消耗内存: 6.765625 KB
  最大消耗内存: 435.84375 KB

