[05-Dec-2016 15:11:26 Asia/Shanghai] (/Course) [SQL](0) query called
SELECT *FROM`course`}
[]
[05-Dec-2016 15:12:13 Asia/Shanghai] (/Course) [SQL](0) query called
SELECT *FROM`course`}
[]
[05-Dec-2016 15:14:08 Asia/Shanghai] (/Course) [SQL](0) query called
SELECT *FROM`course`}
[]
[05-Dec-2016 15:14:09 Asia/Shanghai] (/Course) [SQL](0) query called
SELECT *FROM`course`}
[]
[05-Dec-2016 15:14:10 Asia/Shanghai] (/Course) [SQL](0) query called
SELECT *FROM`course`}
[]
[05-Dec-2016 15:14:10 Asia/Shanghai] (/Course) [SQL](0) query called
SELECT *FROM`course`}
[]
[05-Dec-2016 15:14:55 Asia/Shanghai] (/Course) [SQL](0) query called
SELECT `course`.`id`,`course`.`number`,`course`.`name_en`,`course`.`name` AS`course` FROM`course`LEFT JOIN`evaluation`ON`evaluation`.`course_id`=`course`.`id`GROUP BY `id` LIMIT :0 OFFSET :1}
{":0":10,":1":0}
[05-Dec-2016 15:19:22 Asia/Shanghai] (/Course/?key=%E6%95%B0%E5%AD%A6&page=1) [SQL](0) query called
SELECT `course`.`id`,`course`.`number`,`course`.`name_en`,`course`.`name` AS`course`,COUNT(`evaluation`.`id`) AS`comments`,AVG(`evaluation`.`averge`) AS`score` FROM`course`LEFT JOIN`evaluation`ON`evaluation`.`course_id`=`course`.`id`GROUP BY `id` LIMIT :0 OFFSET :1}
{":0":10,":1":0}
[05-Dec-2016 15:23:11 Asia/Shanghai] (/Course/?key=&page=2) [SQL](0) query called
SELECT `course`.`id`,`course`.`number`,`course`.`name_en`,`course`.`name` AS`course`,COUNT(`evaluation`.`id`) AS`comments`,AVG(`evaluation`.`averge`) AS`score` FROM`course`LEFT JOIN`evaluation`ON`evaluation`.`course_id`=`course`.`id`GROUP BY `id` LIMIT :0 OFFSET :1}
{":0":10,":1":10}
[05-Dec-2016 15:23:16 Asia/Shanghai] (/Course/?key=&page=3) [SQL](0) query called
SELECT `course`.`id`,`course`.`number`,`course`.`name_en`,`course`.`name` AS`course`,COUNT(`evaluation`.`id`) AS`comments`,AVG(`evaluation`.`averge`) AS`score` FROM`course`LEFT JOIN`evaluation`ON`evaluation`.`course_id`=`course`.`id`GROUP BY `id` LIMIT :0 OFFSET :1}
{":0":10,":1":20}
[05-Dec-2016 15:23:21 Asia/Shanghai] (/Course/?key=&page=4) [SQL](0) query called
SELECT `course`.`id`,`course`.`number`,`course`.`name_en`,`course`.`name` AS`course`,COUNT(`evaluation`.`id`) AS`comments`,AVG(`evaluation`.`averge`) AS`score` FROM`course`LEFT JOIN`evaluation`ON`evaluation`.`course_id`=`course`.`id`GROUP BY `id` LIMIT :0 OFFSET :1}
{":0":10,":1":30}
[05-Dec-2016 15:23:25 Asia/Shanghai] (/Course/?key=&page=5) [SQL](0) query called
SELECT `course`.`id`,`course`.`number`,`course`.`name_en`,`course`.`name` AS`course`,COUNT(`evaluation`.`id`) AS`comments`,AVG(`evaluation`.`averge`) AS`score` FROM`course`LEFT JOIN`evaluation`ON`evaluation`.`course_id`=`course`.`id`GROUP BY `id` LIMIT :0 OFFSET :1}
{":0":10,":1":40}
[05-Dec-2016 15:34:12 Asia/Shanghai] (/Course?page=1) [SQL](0) query called
SELECT *FROM`course`}
[]
[05-Dec-2016 15:36:12 Asia/Shanghai] (/Course) [SQL](0) query called
SELECT *FROM`course`}
[]
[05-Dec-2016 15:37:55 Asia/Shanghai] (/Course) [SQL](0) query called
SELECT *FROM`course`}
[]
[05-Dec-2016 15:38:45 Asia/Shanghai] (/Course) [SQL](0) query called
SELECT *FROM`course`}
[]
[05-Dec-2016 15:41:10 Asia/Shanghai] (/Course) [SQL](0) query called
SELECT *FROM`course`}
[]
[05-Dec-2016 15:41:47 Asia/Shanghai] (/Course) [SQL](0) query called
SELECT `course`.`id`,`course`.`number`,`course`.`name_en`,`course`.`name` AS`course`,COUNT(`evaluation`.`id`) AS`comments`,AVG(`evaluation`.`averge`) AS`score` FROM`course`LEFT JOIN`evaluation`ON`evaluation`.`course_id`=`course`.`id`GROUP BY `id`ORDER BY`comments`DESC,`score`DESC  LIMIT :0 OFFSET :1}
{":0":10,":1":0}
[05-Dec-2016 15:43:36 Asia/Shanghai] (/Course) [SQL](0) query called
SELECT `course`.`id`,`course`.`number`,`course`.`name_en`,`course`.`name` AS`course`,COUNT(`evaluation`.`id`) AS`comments`,AVG(`evaluation`.`averge`) AS`score` FROM`course`LEFT JOIN`evaluation`ON`evaluation`.`course_id`=`course`.`id`GROUP BY `id`ORDER BY`comments`DESC,`score`DESC  LIMIT :0 OFFSET :1}
{":0":10,":1":0}
[05-Dec-2016 15:44:01 Asia/Shanghai] (/Course) [SQL](0) query called
SELECT `course`.`id`,`course`.`number`,`course`.`name_en`,`course`.`name` AS`course`,COUNT(`evaluation`.`id`) AS`comments`,AVG(`evaluation`.`averge`) AS`score` FROM`course`LEFT JOIN`evaluation`ON`evaluation`.`course_id`=`course`.`id`GROUP BY `id`ORDER BY`id`,`comments`DESC,`score`DESC  LIMIT :0 OFFSET :1}
{":0":10,":1":0}
[05-Dec-2016 15:44:39 Asia/Shanghai] (/Course) [SQL](0) query called
SELECT `course`.`id`,`course`.`number`,`course`.`name_en`,`course`.`name` AS`course`,COUNT(`evaluation`.`id`) AS`comments`,AVG(`evaluation`.`averge`) AS`score` FROM`course`LEFT JOIN`evaluation`ON`evaluation`.`course_id`=`course`.`id`GROUP BY `id`ORDER BY`id`,`comments`DESC,`score`DESC  LIMIT :0 OFFSET :1}
{":0":10,":1":0}
[05-Dec-2016 16:49:08 Asia/Shanghai] (/Course) [SQL](0) query called
SELECT `course`.`id`,`course`.`number`,`course`.`name_en`,`course`.`name` AS`course`,COUNT(`evaluation`.`id`) AS`comments`,AVG(`evaluation`.`averge`) AS`score` FROM`course`LEFT JOIN`evaluation`ON`evaluation`.`course_id`=`course`.`id`GROUP BY `id`ORDER BY`id`,`comments`DESC,`score`DESC  LIMIT :0 OFFSET :1}
{":0":10,":1":0}
[05-Dec-2016 16:49:11 Asia/Shanghai] (/Course) [SQL](0) query called
SELECT `course`.`id`,`course`.`number`,`course`.`name_en`,`course`.`name` AS`course`,COUNT(`evaluation`.`id`) AS`comments`,AVG(`evaluation`.`averge`) AS`score` FROM`course`LEFT JOIN`evaluation`ON`evaluation`.`course_id`=`course`.`id`GROUP BY `id`ORDER BY`id`,`comments`DESC,`score`DESC  LIMIT :0 OFFSET :1}
{":0":10,":1":0}
[05-Dec-2016 16:50:51 Asia/Shanghai] (/Course) [SQL](0) query called
SELECT `course`.`id`,`course`.`number`,`course`.`name_en`,`course`.`name` AS`course`,COUNT(`evaluation`.`id`) AS`comments`,AVG(`evaluation`.`averge`) AS`score` FROM`course`LEFT JOIN`evaluation`ON`evaluation`.`course_id`=`course`.`id`GROUP BY `id`ORDER BY`comments`DESC,`score`DESC,`id`  LIMIT :0 OFFSET :1}
{":0":10,":1":0}
[05-Dec-2016 16:51:17 Asia/Shanghai] (/Course?page=2) [SQL](0) query called
SELECT `course`.`id`,`course`.`number`,`course`.`name_en`,`course`.`name` AS`course`,COUNT(`evaluation`.`id`) AS`comments`,AVG(`evaluation`.`averge`) AS`score` FROM`course`LEFT JOIN`evaluation`ON`evaluation`.`course_id`=`course`.`id`GROUP BY `id`ORDER BY`comments`DESC,`score`DESC,`id`  LIMIT :0 OFFSET :1}
{":0":10,":1":10}
[05-Dec-2016 16:51:50 Asia/Shanghai] (/Course?page=3) [SQL](0) query called
SELECT `course`.`id`,`course`.`number`,`course`.`name_en`,`course`.`name` AS`course`,COUNT(`evaluation`.`id`) AS`comments`,AVG(`evaluation`.`averge`) AS`score` FROM`course`LEFT JOIN`evaluation`ON`evaluation`.`course_id`=`course`.`id`GROUP BY `id`ORDER BY`comments`DESC,`score`DESC,`id`  LIMIT :0 OFFSET :1}
{":0":10,":1":20}
[05-Dec-2016 16:58:42 Asia/Shanghai] (/Course/) [SQL](0) query called
SELECT `course`.`id`,`course`.`number`,`course`.`name_en`,`course`.`name` AS`course`,COUNT(`evaluation`.`id`) AS`comments`,AVG(`evaluation`.`averge`) AS`score` FROM`course`LEFT JOIN`evaluation`ON`evaluation`.`course_id`=`course`.`id`GROUP BY `id`ORDER BY`comments`DESC,`score`DESC,`id`  LIMIT :0 OFFSET :1}
{":0":10,":1":0}
[05-Dec-2016 16:59:34 Asia/Shanghai] (/Course/) [SQL](0) query called
SELECT `course`.`id`,`course`.`number`,`course`.`name_en`,`course`.`name` AS`course`,COUNT(`evaluation`.`id`) AS`comments`,AVG(`evaluation`.`averge`) AS`score` FROM`course`LEFT JOIN`evaluation`ON`evaluation`.`course_id`=`course`.`id`GROUP BY `id`ORDER BY`comments`DESC,`score`DESC,`id`  LIMIT :0 OFFSET :1}
{":0":10,":1":0}
[05-Dec-2016 16:59:39 Asia/Shanghai] (/Course/) [SQL](0) query called
SELECT `course`.`id`,`course`.`number`,`course`.`name_en`,`course`.`name` AS`course`,COUNT(`evaluation`.`id`) AS`comments`,AVG(`evaluation`.`averge`) AS`score` FROM`course`LEFT JOIN`evaluation`ON`evaluation`.`course_id`=`course`.`id`GROUP BY `id`ORDER BY`comments`DESC,`score`DESC,`id`  LIMIT :0 OFFSET :1}
{":0":10,":1":0}
[05-Dec-2016 17:00:04 Asia/Shanghai] (/Course/?page=2) [SQL](0) query called
SELECT `course`.`id`,`course`.`number`,`course`.`name_en`,`course`.`name` AS`course`,COUNT(`evaluation`.`id`) AS`comments`,AVG(`evaluation`.`averge`) AS`score` FROM`course`LEFT JOIN`evaluation`ON`evaluation`.`course_id`=`course`.`id`GROUP BY `id`ORDER BY`comments`DESC,`score`DESC,`id`  LIMIT :0 OFFSET :1}
{":0":10,":1":10}
[05-Dec-2016 17:03:58 Asia/Shanghai] (/Course/) [SQL](0) query called
SELECT `course`.`id`,`course`.`number`,`course`.`name_en`,`course`.`name` AS`course`,COUNT(`evaluation`.`id`) AS`comments`,AVG(`evaluation`.`averge`) AS`score` FROM`course`LEFT JOIN`evaluation`ON`evaluation`.`course_id`=`course`.`id`GROUP BY `id`ORDER BY`comments`DESC,`score`DESC,`id`  LIMIT :0 OFFSET :1}
{":0":10,":1":0}
[05-Dec-2016 17:04:15 Asia/Shanghai] (/Course/) [SQL](0) query called
SELECT `course`.`id`,`course`.`number`,`course`.`name_en`,`course`.`name` AS`course`,COUNT(`evaluation`.`id`) AS`comments`,AVG(`evaluation`.`averge`) AS`score` FROM`course`LEFT JOIN`evaluation`ON`evaluation`.`course_id`=`course`.`id`GROUP BY `id`ORDER BY`comments`DESC,`score`DESC,`id`  LIMIT :0 OFFSET :1}
{":0":10,":1":0}
[05-Dec-2016 17:17:07 Asia/Shanghai] (/Course?key=%E6%8E%A7%E5%88%B6&page=1) [SQL](0) query called
SELECT `course`.`id`,`course`.`number`,`course`.`name_en`,`course`.`name` AS`course`,COUNT(`evaluation`.`id`) AS`comments`,AVG(`evaluation`.`averge`) AS`score` FROM`course`LEFT JOIN`evaluation`ON`evaluation`.`course_id`=`course`.`id`WHERE(`course`.`name`LIKE BINARY :2)GROUP BY `id`ORDER BY`score`DESC,`comments`DESC  LIMIT :0 OFFSET :1}
{":0":10,":1":0,":2":"%控制%"}
[05-Dec-2016 17:18:07 Asia/Shanghai] (/Course/?key=%E6%8E%A7%E5%88%B6&page=2) [SQL](0) query called
SELECT `course`.`id`,`course`.`number`,`course`.`name_en`,`course`.`name` AS`course`,COUNT(`evaluation`.`id`) AS`comments`,AVG(`evaluation`.`averge`) AS`score` FROM`course`LEFT JOIN`evaluation`ON`evaluation`.`course_id`=`course`.`id`WHERE(`course`.`name`LIKE BINARY :2)GROUP BY `id`ORDER BY`score`DESC,`comments`DESC  LIMIT :0 OFFSET :1}
{":0":10,":1":10,":2":"%控制%"}
[05-Dec-2016 18:36:18 Asia/Shanghai] (/Course/?key=%E6%8E%A7%E5%88%B6&page=3) [SQL](0) query called
SELECT `course`.`id`,`course`.`number`,`course`.`name_en`,`course`.`name` AS`course`,COUNT(`evaluation`.`id`) AS`comments`,AVG(`evaluation`.`averge`) AS`score` FROM`course`LEFT JOIN`evaluation`ON`evaluation`.`course_id`=`course`.`id`WHERE(`course`.`name`LIKE BINARY :2)GROUP BY `id`ORDER BY`score`DESC,`comments`DESC  LIMIT :0 OFFSET :1}
{":0":10,":1":20,":2":"%控制%"}
[05-Dec-2016 18:41:20 Asia/Shanghai] (/Course/?page=6) [SQL](0) query called
SELECT `course`.`id`,`course`.`number`,`course`.`name_en`,`course`.`name` AS`course`,COUNT(`evaluation`.`id`) AS`comments`,AVG(`evaluation`.`averge`) AS`score` FROM`course`LEFT JOIN`evaluation`ON`evaluation`.`course_id`=`course`.`id`GROUP BY `id`ORDER BY`comments`DESC,`score`DESC,`id`  LIMIT :0 OFFSET :1}
{":0":10,":1":50}
[05-Dec-2016 18:41:45 Asia/Shanghai] (/Course/?key=%E8%AE%A1%E7%AE%97%E6%9C%BA&page=1) [SQL](0) query called
SELECT `course`.`id`,`course`.`number`,`course`.`name_en`,`course`.`name` AS`course`,COUNT(`evaluation`.`id`) AS`comments`,AVG(`evaluation`.`averge`) AS`score` FROM`course`LEFT JOIN`evaluation`ON`evaluation`.`course_id`=`course`.`id`WHERE(`course`.`name`LIKE BINARY :2)GROUP BY `id`ORDER BY`score`DESC,`comments`DESC  LIMIT :0 OFFSET :1}
{":0":10,":1":0,":2":"%计算机%"}
[05-Dec-2016 18:41:58 Asia/Shanghai] (/Course/?key=%E8%AE%A1%E7%AE%97%E6%9C%BA&page=2) [SQL](0) query called
SELECT `course`.`id`,`course`.`number`,`course`.`name_en`,`course`.`name` AS`course`,COUNT(`evaluation`.`id`) AS`comments`,AVG(`evaluation`.`averge`) AS`score` FROM`course`LEFT JOIN`evaluation`ON`evaluation`.`course_id`=`course`.`id`WHERE(`course`.`name`LIKE BINARY :2)GROUP BY `id`ORDER BY`score`DESC,`comments`DESC  LIMIT :0 OFFSET :1}
{":0":10,":1":10,":2":"%计算机%"}
[05-Dec-2016 18:42:10 Asia/Shanghai] (/Course/?key=%E8%AE%A1%E7%AE%97%E6%9C%BA&page=3) [SQL](0) query called
SELECT `course`.`id`,`course`.`number`,`course`.`name_en`,`course`.`name` AS`course`,COUNT(`evaluation`.`id`) AS`comments`,AVG(`evaluation`.`averge`) AS`score` FROM`course`LEFT JOIN`evaluation`ON`evaluation`.`course_id`=`course`.`id`WHERE(`course`.`name`LIKE BINARY :2)GROUP BY `id`ORDER BY`score`DESC,`comments`DESC  LIMIT :0 OFFSET :1}
{":0":10,":1":20,":2":"%计算机%"}
[05-Dec-2016 19:06:01 Asia/Shanghai] (/Course/2) [SQL](0) query called
SELECT `course`.`id`,`course`.`name`,`course`.`name_en`,`course`.`description`,COUNT(`evaluation`.`id`) AS`comments`,AVG(`evaluation`.`averge`) AS`score` FROM`course`LEFT JOIN`evaluation`ON`evaluation`.`course_id`=`course`.`id`WHERE(`course`.`id`= :0) LIMIT :1 OFFSET :2}
{":0":2,":1":1,":2":0}
[05-Dec-2016 19:06:43 Asia/Shanghai] (/Course/2) [SQL](0) query called
SELECT `course`.`id`,`course`.`name`,`course`.`name_en`,`course`.`description`,COUNT(`evaluation`.`id`) AS`comments`,AVG(`evaluation`.`averge`) AS`score` FROM`course`LEFT JOIN`evaluation`ON`evaluation`.`course_id`=`course`.`id`WHERE(`course`.`id`= :0) LIMIT :1 OFFSET :2}
{":0":2,":1":1,":2":0}
[05-Dec-2016 19:09:59 Asia/Shanghai] (/Course/2) [SQL](0) query called
SELECT `course`.`id`,`course`.`name`,`course`.`name_en`,`course`.`description`,COUNT(`evaluation`.`id`) AS`comments`,AVG(`evaluation`.`averge`) AS`score` FROM`course`LEFT JOIN`evaluation`ON`evaluation`.`course_id`=`course`.`id`WHERE(`course`.`id`= :0)GROUP BY `id` LIMIT :1 OFFSET :2}
{":0":2,":1":1,":2":0}
[05-Dec-2016 19:09:59 Asia/Shanghai] (/Course/2) [SQL](1) query called
SELECT *FROM`evaluation`WHERE(`course_id`= :3)AND(`user_id`= :4) LIMIT :5 OFFSET :6}
{":3":2,":4":1,":5":1,":6":0}
[05-Dec-2016 19:10:57 Asia/Shanghai] (/Course/3) [SQL](0) query called
SELECT `course`.`id`,`course`.`name`,`course`.`name_en`,`course`.`description`,COUNT(`evaluation`.`id`) AS`comments`,AVG(`evaluation`.`averge`) AS`score` FROM`course`LEFT JOIN`evaluation`ON`evaluation`.`course_id`=`course`.`id`WHERE(`course`.`id`= :0)GROUP BY `id` LIMIT :1 OFFSET :2}
{":0":3,":1":1,":2":0}
[05-Dec-2016 19:10:57 Asia/Shanghai] (/Course/3) [SQL](1) query called
SELECT *FROM`evaluation`WHERE(`course_id`= :3)AND(`user_id`= :4) LIMIT :5 OFFSET :6}
{":3":3,":4":1,":5":1,":6":0}
[05-Dec-2016 19:11:02 Asia/Shanghai] (/Course/4) [SQL](0) query called
SELECT `course`.`id`,`course`.`name`,`course`.`name_en`,`course`.`description`,COUNT(`evaluation`.`id`) AS`comments`,AVG(`evaluation`.`averge`) AS`score` FROM`course`LEFT JOIN`evaluation`ON`evaluation`.`course_id`=`course`.`id`WHERE(`course`.`id`= :0)GROUP BY `id` LIMIT :1 OFFSET :2}
{":0":4,":1":1,":2":0}
[05-Dec-2016 19:11:02 Asia/Shanghai] (/Course/4) [SQL](1) query called
SELECT *FROM`evaluation`WHERE(`course_id`= :3)AND(`user_id`= :4) LIMIT :5 OFFSET :6}
{":3":4,":4":1,":5":1,":6":0}
[05-Dec-2016 19:14:13 Asia/Shanghai] (/Course/4) [SQL](0) query called
SELECT `course`.`id`,`course`.`name`,`course`.`name_en`,`course`.`description`,COUNT(`evaluation`.`id`) AS`comments`,AVG(`evaluation`.`averge`) AS`score` FROM`course`LEFT JOIN`evaluation`ON`evaluation`.`course_id`=`course`.`id`WHERE(`course`.`id`= :0)AND(`evaluation`.`status`= :1)GROUP BY `id` LIMIT :2 OFFSET :3}
{":0":4,":1":1,":2":1,":3":0}
[05-Dec-2016 19:14:13 Asia/Shanghai] (/Course/4) [SQL](1) query called
SELECT `id`,`course_id`,`user_id`,`advice`,`averge` FROM`evaluation`WHERE(`course_id`= :4)AND(`user_id`= :5)AND(`status`= :6) LIMIT :7 OFFSET :8}
{":4":4,":5":1,":6":1,":7":1,":8":0}
[05-Dec-2016 19:41:25 Asia/Shanghai] (/Course/72) [SQL](0) query called
SELECT `course`.`id`,`course`.`name`,`course`.`name_en`,`course`.`description`,COUNT(`evaluation`.`id`) AS`comments`,AVG(`evaluation`.`averge`) AS`score` FROM`course`LEFT JOIN`evaluation`ON`evaluation`.`course_id`=`course`.`id`WHERE(`course`.`id`= :0)AND(`evaluation`.`status`= :1)GROUP BY `id` LIMIT :2 OFFSET :3}
{":0":72,":1":1,":2":1,":3":0}
[05-Dec-2016 19:41:25 Asia/Shanghai] (/Course/72) [SQL](1) query called
SELECT `id`,`course_id`,`user_id`,`advice`,`averge` FROM`evaluation`WHERE(`course_id`= :4)AND(`user_id`= :5)AND(`status`= :6) LIMIT :7 OFFSET :8}
{":4":72,":5":1,":6":1,":7":1,":8":0}
[05-Dec-2016 19:42:19 Asia/Shanghai] (/Course/72) [SQL](0) query called
SELECT `course`.`id`,`course`.`name`,`course`.`name_en`,`course`.`description`,COUNT(`evaluation`.`id`) AS`comments`,AVG(`evaluation`.`averge`) AS`score` FROM`course`LEFT JOIN`evaluation`ON`evaluation`.`course_id`=`course`.`id`WHERE(`course`.`id`= :0)AND(`evaluation`.`status`= :1)GROUP BY `id` LIMIT :2 OFFSET :3}
{":0":72,":1":1,":2":1,":3":0}
[05-Dec-2016 19:42:19 Asia/Shanghai] (/Course/72) [SQL](1) query called
SELECT `id`,`course_id`,`user_id`,`advice`,`averge` FROM`evaluation`WHERE(`course_id`= :4)AND(`user_id`= :5)AND(`status`= :6) LIMIT :7 OFFSET :8}
{":4":72,":5":1,":6":1,":7":1,":8":0}
[05-Dec-2016 19:42:34 Asia/Shanghai] (/Course/4) [SQL](0) query called
SELECT `course`.`id`,`course`.`name`,`course`.`name_en`,`course`.`description`,COUNT(`evaluation`.`id`) AS`comments`,AVG(`evaluation`.`averge`) AS`score` FROM`course`LEFT JOIN`evaluation`ON`evaluation`.`course_id`=`course`.`id`WHERE(`course`.`id`= :0)AND(`evaluation`.`status`= :1)GROUP BY `id` LIMIT :2 OFFSET :3}
{":0":4,":1":1,":2":1,":3":0}
[05-Dec-2016 19:42:34 Asia/Shanghai] (/Course/4) [SQL](1) query called
SELECT `id`,`course_id`,`user_id`,`advice`,`averge` FROM`evaluation`WHERE(`course_id`= :4)AND(`user_id`= :5)AND(`status`= :6) LIMIT :7 OFFSET :8}
{":4":4,":5":1,":6":1,":7":1,":8":0}
[05-Dec-2016 19:44:11 Asia/Shanghai] (/Course/2) [SQL](0) query called
SELECT `course`.`id`,`course`.`name`,`course`.`name_en`,`course`.`description`,COUNT(`evaluation`.`id`) AS`comments`,AVG(`evaluation`.`averge`) AS`score` FROM`course`LEFT JOIN`evaluation`ON`evaluation`.`course_id`=`course`.`id`WHERE(`course`.`id`= :0)AND(`evaluation`.`status`= :1)GROUP BY `id` LIMIT :2 OFFSET :3}
{":0":2,":1":1,":2":1,":3":0}
[05-Dec-2016 19:44:11 Asia/Shanghai] (/Course/2) [SQL](1) query called
SELECT `id`,`course_id`,`user_id`,`advice`,`averge` FROM`evaluation`WHERE(`course_id`= :4)AND(`user_id`= :5)AND(`status`= :6) LIMIT :7 OFFSET :8}
{":4":2,":5":1,":6":1,":7":1,":8":0}
[05-Dec-2016 21:23:45 Asia/Shanghai] (/Course/2) [SQL](0) query called
SELECT `course`.`id`,`course`.`name`,`course`.`name_en`,`course`.`description`,COUNT(`evaluation`.`id`) AS`comments`,AVG(`evaluation`.`averge`) AS`score` FROM`course`LEFT JOIN`evaluation`ON`evaluation`.`course_id`=`course`.`id`WHERE(`course`.`id`= :0)AND(`evaluation`.`status`= :1)GROUP BY `id` LIMIT :2 OFFSET :3}
{":0":2,":1":1,":2":1,":3":0}
[05-Dec-2016 21:23:45 Asia/Shanghai] (/Course/2) [SQL](1) query called
SELECT `id`,`course_id`,`user_id`,`advice`,`averge` FROM`evaluation`WHERE(`course_id`= :4)AND(`user_id`= :5)AND(`status`= :6) LIMIT :7 OFFSET :8}
{":4":2,":5":1,":6":1,":7":1,":8":0}
[05-Dec-2016 21:24:30 Asia/Shanghai] (/Course/2) [SQL](0) query called
SELECT `course`.`id`,`course`.`name`,`course`.`name_en`,`course`.`description`,COUNT(`evaluation`.`id`) AS`comments`,AVG(`evaluation`.`averge`) AS`score` FROM`course`LEFT JOIN`evaluation`ON`evaluation`.`course_id`=`course`.`id`WHERE(`course`.`id`= :0)AND(`evaluation`.`status`= :1)GROUP BY `id` LIMIT :2 OFFSET :3}
{":0":2,":1":1,":2":1,":3":0}
[05-Dec-2016 21:24:30 Asia/Shanghai] (/Course/2) [SQL](1) query called
SELECT `id`,`course_id`,`user_id`,`advice`,`averge` FROM`evaluation`WHERE(`course_id`= :4)AND(`user_id`= :5)AND(`status`= :6) LIMIT :7 OFFSET :8}
{":4":2,":5":1,":6":1,":7":1,":8":0}
[05-Dec-2016 21:25:26 Asia/Shanghai] (/Course/2) [SQL](0) query called
SELECT `course`.`id`,`course`.`name`,`course`.`name_en`,`course`.`description`,COUNT(`evaluation`.`id`) AS`comments`,AVG(`evaluation`.`averge`) AS`score` FROM`course`LEFT JOIN`evaluation`ON`evaluation`.`course_id`=`course`.`id`WHERE(`course`.`id`= :0)AND(`evaluation`.`status`= :1)GROUP BY `id` LIMIT :2 OFFSET :3}
{":0":2,":1":1,":2":1,":3":0}
[05-Dec-2016 21:25:26 Asia/Shanghai] (/Course/2) [SQL](1) query called
SELECT `id`,`course_id`,`user_id`,`advice`,`averge` FROM`evaluation`WHERE(`course_id`= :4)AND(`user_id`= :5)AND(`status`= :6) LIMIT :7 OFFSET :8}
{":4":2,":5":1,":6":1,":7":1,":8":0}
[05-Dec-2016 21:25:45 Asia/Shanghai] (/Course/2) [SQL](0) query called
SELECT `course`.`id`,`course`.`name`,`course`.`name_en`,`course`.`description`,COUNT(`evaluation`.`id`) AS`comments`,AVG(`evaluation`.`averge`) AS`score` FROM`course`LEFT JOIN`evaluation`ON`evaluation`.`course_id`=`course`.`id`WHERE(`course`.`id`= :0)AND(`evaluation`.`status`= :1)GROUP BY `id` LIMIT :2 OFFSET :3}
{":0":2,":1":1,":2":1,":3":0}
[05-Dec-2016 21:25:45 Asia/Shanghai] (/Course/2) [SQL](1) query called
SELECT `id`,`course_id`,`user_id`,`advice`,`averge` FROM`evaluation`WHERE(`course_id`= :4)AND(`user_id`= :5)AND(`status`= :6) LIMIT :7 OFFSET :8}
{":4":2,":5":1,":6":1,":7":1,":8":0}
[05-Dec-2016 21:34:51 Asia/Shanghai] (/Course/2) [SQL](0) query called
SELECT `course`.`id`,`course`.`name`,`course`.`name_en`,`course`.`description`,COUNT(`evaluation`.`id`) AS`comments`,AVG(`evaluation`.`averge`) AS`score` FROM`course`LEFT JOIN`evaluation`ON`evaluation`.`course_id`=`course`.`id`WHERE(`course`.`id`= :0)AND(`evaluation`.`status`= :1)GROUP BY `id` LIMIT :2 OFFSET :3}
{":0":2,":1":1,":2":1,":3":0}
[05-Dec-2016 21:34:51 Asia/Shanghai] (/Course/2) [SQL](1) query called
SELECT `id`,`course_id`,`user_id`,`advice`,`averge` FROM`evaluation`WHERE(`course_id`= :4)AND(`user_id`= :5)AND(`status`= :6) LIMIT :7 OFFSET :8}
{":4":2,":5":1,":6":1,":7":1,":8":0}
[05-Dec-2016 21:34:53 Asia/Shanghai] (/Course/2) [SQL](0) query called
SELECT `course`.`id`,`course`.`name`,`course`.`name_en`,`course`.`description`,COUNT(`evaluation`.`id`) AS`comments`,AVG(`evaluation`.`averge`) AS`score` FROM`course`LEFT JOIN`evaluation`ON`evaluation`.`course_id`=`course`.`id`WHERE(`course`.`id`= :0)AND(`evaluation`.`status`= :1)GROUP BY `id` LIMIT :2 OFFSET :3}
{":0":2,":1":1,":2":1,":3":0}
[05-Dec-2016 21:34:53 Asia/Shanghai] (/Course/2) [SQL](1) query called
SELECT `id`,`course_id`,`user_id`,`advice`,`averge` FROM`evaluation`WHERE(`course_id`= :4)AND(`user_id`= :5)AND(`status`= :6) LIMIT :7 OFFSET :8}
{":4":2,":5":1,":6":1,":7":1,":8":0}
[05-Dec-2016 21:35:36 Asia/Shanghai] (/Course/2) [SQL](0) query called
SELECT `course`.`id`,`course`.`name`,`course`.`name_en`,`course`.`description`,COUNT(`evaluation`.`id`) AS`comments`,AVG(`evaluation`.`averge`) AS`score` FROM`course`LEFT JOIN`evaluation`ON`evaluation`.`course_id`=`course`.`id`WHERE(`course`.`id`= :0)AND(`evaluation`.`status`= :1)GROUP BY `id` LIMIT :2 OFFSET :3}
{":0":2,":1":1,":2":1,":3":0}
[05-Dec-2016 21:35:36 Asia/Shanghai] (/Course/2) [SQL](1) query called
SELECT `id`,`course_id`,`user_id`,`advice`,`averge` FROM`evaluation`WHERE(`course_id`= :4)AND(`user_id`= :5)AND(`status`= :6) LIMIT :7 OFFSET :8}
{":4":2,":5":1,":6":1,":7":1,":8":0}
[05-Dec-2016 21:36:12 Asia/Shanghai] (/Course/70) [SQL](0) query called
SELECT `course`.`id`,`course`.`name`,`course`.`name_en`,`course`.`description`,COUNT(`evaluation`.`id`) AS`comments`,AVG(`evaluation`.`averge`) AS`score` FROM`course`LEFT JOIN`evaluation`ON`evaluation`.`course_id`=`course`.`id`WHERE(`course`.`id`= :0)AND(`evaluation`.`status`= :1)GROUP BY `id` LIMIT :2 OFFSET :3}
{":0":70,":1":1,":2":1,":3":0}
[05-Dec-2016 21:36:12 Asia/Shanghai] (/Course/70) [SQL](1) query called
SELECT `id`,`course_id`,`user_id`,`advice`,`averge` FROM`evaluation`WHERE(`course_id`= :4)AND(`user_id`= :5)AND(`status`= :6) LIMIT :7 OFFSET :8}
{":4":70,":5":1,":6":1,":7":1,":8":0}
[05-Dec-2016 21:43:53 Asia/Shanghai] (/Course/4/comments) [SQL](0) query called
SELECT `evaluation`.`id`,`evaluation`.`advice`,`evaluation`.`averge`,`evaluation`.`time`,`user`.`number` AS`number` FROM`evaluation`LEFT JOIN`evaluationvote`ON`evaluationvote`.`evaluation_id`=`evaluation`.`id`INNER JOIN`user`ON`user`.`id`=`evaluation`.`user_id`WHERE(`course_id`= :0)AND(`evaluation`.`status`= :1)GROUP BY `id`ORDER BY`up`DESC,`id`DESC  LIMIT :2 OFFSET :3}
{":0":4,":1":1,":2":10,":3":0}
[05-Dec-2016 21:44:03 Asia/Shanghai] (/Course/4/comments) [SQL](0) query called
SELECT `evaluation`.`id`,`evaluation`.`advice`,`evaluation`.`averge`,`evaluation`.`time`,`user`.`number` AS`number` FROM`evaluation`LEFT JOIN`evaluationvote`ON`evaluationvote`.`evaluation_id`=`evaluation`.`id`INNER JOIN`user`ON`user`.`id`=`evaluation`.`user_id`WHERE(`course_id`= :0)AND(`evaluation`.`status`= :1)GROUP BY `id`ORDER BY`id`DESC  LIMIT :2 OFFSET :3}
{":0":4,":1":1,":2":10,":3":0}
[05-Dec-2016 21:44:03 Asia/Shanghai] (/Course/4/comments) [SQL](1) column called
SELECT `vote`FROM`evaluationvote`WHERE(`evaluation_id`= :4)AND(`user_id`= :5) LIMIT :6 OFFSET :7}
{":4":2,":5":1,":6":1,":7":0}
[05-Dec-2016 21:44:20 Asia/Shanghai] (/Course/4/comments) [SQL](0) query called
SELECT `evaluation`.`id`,`evaluation`.`advice`,`evaluation`.`averge`,`evaluation`.`time`,`user`.`number` AS`number` FROM`evaluation`LEFT JOIN`evaluationvote`ON`evaluationvote`.`evaluation_id`=`evaluation`.`id`INNER JOIN`user`ON`user`.`id`=`evaluation`.`user_id`WHERE(`course_id`= :0)AND(`evaluation`.`status`= :1)GROUP BY `id`ORDER BY`id`DESC  LIMIT :2 OFFSET :3}
{":0":4,":1":1,":2":10,":3":0}
[05-Dec-2016 21:44:20 Asia/Shanghai] (/Course/4/comments) [SQL](1) column called
SELECT `vote`FROM`evaluationvote`WHERE(`evaluation_id`= :4)AND(`user_id`= :5) LIMIT :6 OFFSET :7}
{":4":2,":5":1,":6":1,":7":0}
[05-Dec-2016 21:56:53 Asia/Shanghai] (/Course/5/comments) [SQL](0) query called
SELECT `evaluation`.`id`,`evaluation`.`advice`,`evaluation`.`averge`,`evaluation`.`time`,user.number AS`number`,COUNT(CASE WHEN vote=1 THEN 1 ELSE NULL END) AS`up`,COUNT(CASE WHEN vote=-1 THEN 1 ELSE NULL END) AS`down` FROM`evaluation`LEFT JOIN`evaluationvote`ON`evaluationvote`.`evaluation_id`=`evaluation`.`id`INNER JOIN`user`ON`user`.`id`=`evaluation`.`user_id`WHERE(`course_id`= :0)AND(`evaluation`.`status`= :1)GROUP BY `id`ORDER BY`up`DESC,`id`DESC  LIMIT :2 OFFSET :3}
{":0":5,":1":1,":2":10,":3":0}
[05-Dec-2016 21:56:53 Asia/Shanghai] (/Course/5/comments) [SQL](1) column called
SELECT `vote`FROM`evaluationvote`WHERE(`evaluation_id`= :4)AND(`user_id`= :5) LIMIT :6 OFFSET :7}
{":4":23,":5":1,":6":1,":7":0}
[05-Dec-2016 21:58:13 Asia/Shanghai] (/Course/70) [SQL](0) query called
SELECT `course`.`id`,`course`.`name`,`course`.`name_en`,`course`.`description`,COUNT(`evaluation`.`id`) AS`comments`,AVG(`evaluation`.`averge`) AS`score` FROM`course`LEFT JOIN`evaluation`ON`evaluation`.`course_id`=`course`.`id`WHERE(`course`.`id`= :0)AND(`evaluation`.`status`= :1)GROUP BY `id` LIMIT :2 OFFSET :3}
{":0":70,":1":1,":2":1,":3":0}
[05-Dec-2016 21:58:13 Asia/Shanghai] (/Course/70) [SQL](1) query called
SELECT `id`,`course_id`,`user_id`,`advice`,`averge` FROM`evaluation`WHERE(`course_id`= :4)AND(`user_id`= :5)AND(`status`= :6) LIMIT :7 OFFSET :8}
{":4":70,":5":1,":6":1,":7":1,":8":0}
[05-Dec-2016 21:58:13 Asia/Shanghai] (/Course/70/comments) [SQL](0) query called
SELECT `evaluation`.`id`,`evaluation`.`advice`,`evaluation`.`averge`,`evaluation`.`time`,user.number AS`number`,COUNT(CASE WHEN vote=1 THEN 1 ELSE NULL END) AS`up`,COUNT(CASE WHEN vote=-1 THEN 1 ELSE NULL END) AS`down` FROM`evaluation`LEFT JOIN`evaluationvote`ON`evaluationvote`.`evaluation_id`=`evaluation`.`id`INNER JOIN`user`ON`user`.`id`=`evaluation`.`user_id`WHERE(`course_id`= :0)AND(`evaluation`.`status`= :1)GROUP BY `id`ORDER BY`up`DESC,`id`DESC  LIMIT :2 OFFSET :3}
{":0":70,":1":1,":2":10,":3":0}
[05-Dec-2016 21:58:13 Asia/Shanghai] (/Course/70/comments) [SQL](1) column called
SELECT `vote`FROM`evaluationvote`WHERE(`evaluation_id`= :4)AND(`user_id`= :5) LIMIT :6 OFFSET :7}
{":4":51,":5":1,":6":1,":7":0}
[05-Dec-2016 21:58:13 Asia/Shanghai] (/Course/70/comments) [SQL](2) column called
SELECT `vote`FROM`evaluationvote`WHERE(`evaluation_id`= :8)AND(`user_id`= :9) LIMIT :10 OFFSET :11}
{":8":18,":9":1,":10":1,":11":0}
[05-Dec-2016 21:58:25 Asia/Shanghai] (/Course/20) [SQL](0) query called
SELECT `course`.`id`,`course`.`name`,`course`.`name_en`,`course`.`description`,COUNT(`evaluation`.`id`) AS`comments`,AVG(`evaluation`.`averge`) AS`score` FROM`course`LEFT JOIN`evaluation`ON`evaluation`.`course_id`=`course`.`id`WHERE(`course`.`id`= :0)AND(`evaluation`.`status`= :1)GROUP BY `id` LIMIT :2 OFFSET :3}
{":0":20,":1":1,":2":1,":3":0}
[05-Dec-2016 21:58:25 Asia/Shanghai] (/Course/20) [SQL](1) query called
SELECT `id`,`course_id`,`user_id`,`advice`,`averge` FROM`evaluation`WHERE(`course_id`= :4)AND(`user_id`= :5)AND(`status`= :6) LIMIT :7 OFFSET :8}
{":4":20,":5":1,":6":1,":7":1,":8":0}
[05-Dec-2016 21:58:25 Asia/Shanghai] (/Course/20/comments) [SQL](0) query called
SELECT `evaluation`.`id`,`evaluation`.`advice`,`evaluation`.`averge`,`evaluation`.`time`,user.number AS`number`,COUNT(CASE WHEN vote=1 THEN 1 ELSE NULL END) AS`up`,COUNT(CASE WHEN vote=-1 THEN 1 ELSE NULL END) AS`down` FROM`evaluation`LEFT JOIN`evaluationvote`ON`evaluationvote`.`evaluation_id`=`evaluation`.`id`INNER JOIN`user`ON`user`.`id`=`evaluation`.`user_id`WHERE(`course_id`= :0)AND(`evaluation`.`status`= :1)GROUP BY `id`ORDER BY`up`DESC,`id`DESC  LIMIT :2 OFFSET :3}
{":0":20,":1":1,":2":10,":3":0}
[05-Dec-2016 21:58:25 Asia/Shanghai] (/Course/20/comments) [SQL](1) column called
SELECT `vote`FROM`evaluationvote`WHERE(`evaluation_id`= :4)AND(`user_id`= :5) LIMIT :6 OFFSET :7}
{":4":96,":5":1,":6":1,":7":0}
[05-Dec-2016 21:58:25 Asia/Shanghai] (/Course/20/comments) [SQL](2) column called
SELECT `vote`FROM`evaluationvote`WHERE(`evaluation_id`= :8)AND(`user_id`= :9) LIMIT :10 OFFSET :11}
{":8":52,":9":1,":10":1,":11":0}
[05-Dec-2016 21:58:25 Asia/Shanghai] (/Course/20/comments) [SQL](3) column called
SELECT `vote`FROM`evaluationvote`WHERE(`evaluation_id`= :12)AND(`user_id`= :13) LIMIT :14 OFFSET :15}
{":12":37,":13":1,":14":1,":15":0}
[05-Dec-2016 21:59:37 Asia/Shanghai] (/Course/20) [SQL](0) query called
SELECT `course`.`id`,`course`.`name`,`course`.`name_en`,`course`.`description`,COUNT(`evaluation`.`id`) AS`comments`,AVG(`evaluation`.`averge`) AS`score` FROM`course`LEFT JOIN`evaluation`ON`evaluation`.`course_id`=`course`.`id`WHERE(`course`.`id`= :0)AND(`evaluation`.`status`= :1)GROUP BY `id` LIMIT :2 OFFSET :3}
{":0":20,":1":1,":2":1,":3":0}
[05-Dec-2016 21:59:37 Asia/Shanghai] (/Course/20) [SQL](1) query called
SELECT `id`,`course_id`,`user_id`,`advice`,`averge` FROM`evaluation`WHERE(`course_id`= :4)AND(`user_id`= :5)AND(`status`= :6) LIMIT :7 OFFSET :8}
{":4":20,":5":1,":6":1,":7":1,":8":0}
[05-Dec-2016 21:59:37 Asia/Shanghai] (/Course/20/comments) [SQL](0) query called
SELECT `evaluation`.`id`,`evaluation`.`advice`,`evaluation`.`averge`,`evaluation`.`time`,user.number AS`number`,COUNT(CASE WHEN vote=1 THEN 1 ELSE NULL END) AS`up`,COUNT(CASE WHEN vote=-1 THEN 1 ELSE NULL END) AS`down` FROM`evaluation`LEFT JOIN`evaluationvote`ON`evaluationvote`.`evaluation_id`=`evaluation`.`id`INNER JOIN`user`ON`user`.`id`=`evaluation`.`user_id`WHERE(`course_id`= :0)AND(`evaluation`.`status`= :1)GROUP BY `id`ORDER BY`up`DESC,`id`DESC  LIMIT :2 OFFSET :3}
{":0":20,":1":1,":2":10,":3":0}
[05-Dec-2016 21:59:37 Asia/Shanghai] (/Course/20/comments) [SQL](1) column called
SELECT `vote`FROM`evaluationvote`WHERE(`evaluation_id`= :4)AND(`user_id`= :5) LIMIT :6 OFFSET :7}
{":4":96,":5":1,":6":1,":7":0}
[05-Dec-2016 21:59:37 Asia/Shanghai] (/Course/20/comments) [SQL](2) column called
SELECT `vote`FROM`evaluationvote`WHERE(`evaluation_id`= :8)AND(`user_id`= :9) LIMIT :10 OFFSET :11}
{":8":52,":9":1,":10":1,":11":0}
[05-Dec-2016 21:59:37 Asia/Shanghai] (/Course/20/comments) [SQL](3) column called
SELECT `vote`FROM`evaluationvote`WHERE(`evaluation_id`= :12)AND(`user_id`= :13) LIMIT :14 OFFSET :15}
{":12":37,":13":1,":14":1,":15":0}
[05-Dec-2016 22:00:50 Asia/Shanghai] (/Course/20) [SQL](0) query called
SELECT `course`.`id`,`course`.`name`,`course`.`name_en`,`course`.`description`,COUNT(`evaluation`.`id`) AS`comments`,AVG(`evaluation`.`averge`) AS`score` FROM`course`LEFT JOIN`evaluation`ON`evaluation`.`course_id`=`course`.`id`WHERE(`course`.`id`= :0)AND(`evaluation`.`status`= :1)GROUP BY `id` LIMIT :2 OFFSET :3}
{":0":20,":1":1,":2":1,":3":0}
[05-Dec-2016 22:00:50 Asia/Shanghai] (/Course/20) [SQL](1) query called
SELECT `id`,`course_id`,`user_id`,`advice`,`averge` FROM`evaluation`WHERE(`course_id`= :4)AND(`user_id`= :5)AND(`status`= :6) LIMIT :7 OFFSET :8}
{":4":20,":5":1,":6":1,":7":1,":8":0}
[05-Dec-2016 22:00:50 Asia/Shanghai] (/Course/20/comments) [SQL](0) query called
SELECT `evaluation`.`id`,`evaluation`.`advice`,`evaluation`.`averge`,`evaluation`.`time`,user.number AS`number`,COUNT(CASE WHEN vote=1 THEN 1 ELSE NULL END) AS`up`,COUNT(CASE WHEN vote=-1 THEN 1 ELSE NULL END) AS`down` FROM`evaluation`LEFT JOIN`evaluationvote`ON`evaluationvote`.`evaluation_id`=`evaluation`.`id`INNER JOIN`user`ON`user`.`id`=`evaluation`.`user_id`WHERE(`course_id`= :0)AND(`evaluation`.`status`= :1)GROUP BY `id`ORDER BY`up`DESC,`id`DESC  LIMIT :2 OFFSET :3}
{":0":20,":1":1,":2":10,":3":0}
[05-Dec-2016 22:00:50 Asia/Shanghai] (/Course/20/comments) [SQL](1) column called
SELECT `vote`FROM`evaluationvote`WHERE(`evaluation_id`= :4)AND(`user_id`= :5) LIMIT :6 OFFSET :7}
{":4":96,":5":1,":6":1,":7":0}
[05-Dec-2016 22:00:50 Asia/Shanghai] (/Course/20/comments) [SQL](2) column called
SELECT `vote`FROM`evaluationvote`WHERE(`evaluation_id`= :8)AND(`user_id`= :9) LIMIT :10 OFFSET :11}
{":8":52,":9":1,":10":1,":11":0}
[05-Dec-2016 22:00:50 Asia/Shanghai] (/Course/20/comments) [SQL](3) column called
SELECT `vote`FROM`evaluationvote`WHERE(`evaluation_id`= :12)AND(`user_id`= :13) LIMIT :14 OFFSET :15}
{":12":37,":13":1,":14":1,":15":0}
[05-Dec-2016 22:02:30 Asia/Shanghai] (/Course/20) [SQL](0) query called
SELECT `course`.`id`,`course`.`name`,`course`.`name_en`,`course`.`description`,COUNT(`evaluation`.`id`) AS`comments`,AVG(`evaluation`.`averge`) AS`score` FROM`course`LEFT JOIN`evaluation`ON`evaluation`.`course_id`=`course`.`id`WHERE(`course`.`id`= :0)AND(`evaluation`.`status`= :1)GROUP BY `id` LIMIT :2 OFFSET :3}
{":0":20,":1":1,":2":1,":3":0}
[05-Dec-2016 22:02:30 Asia/Shanghai] (/Course/20) [SQL](1) query called
SELECT `id`,`course_id`,`user_id`,`advice`,`averge` FROM`evaluation`WHERE(`course_id`= :4)AND(`user_id`= :5)AND(`status`= :6) LIMIT :7 OFFSET :8}
{":4":20,":5":1,":6":1,":7":1,":8":0}
[05-Dec-2016 22:02:30 Asia/Shanghai] (/Course/20/comments) [SQL](0) query called
SELECT `evaluation`.`id`,`evaluation`.`advice`,`evaluation`.`averge`,`evaluation`.`time`,user.number AS`number`,COUNT(CASE WHEN vote=1 THEN 1 ELSE NULL END) AS`up`,COUNT(CASE WHEN vote=-1 THEN 1 ELSE NULL END) AS`down` FROM`evaluation`LEFT JOIN`evaluationvote`ON`evaluationvote`.`evaluation_id`=`evaluation`.`id`INNER JOIN`user`ON`user`.`id`=`evaluation`.`user_id`WHERE(`course_id`= :0)AND(`evaluation`.`status`= :1)GROUP BY `id`ORDER BY`up`DESC,`id`DESC  LIMIT :2 OFFSET :3}
{":0":20,":1":1,":2":10,":3":0}
[05-Dec-2016 22:02:30 Asia/Shanghai] (/Course/20/comments) [SQL](1) column called
SELECT `vote`FROM`evaluationvote`WHERE(`evaluation_id`= :4)AND(`user_id`= :5) LIMIT :6 OFFSET :7}
{":4":96,":5":1,":6":1,":7":0}
[05-Dec-2016 22:02:30 Asia/Shanghai] (/Course/20/comments) [SQL](2) column called
SELECT `vote`FROM`evaluationvote`WHERE(`evaluation_id`= :8)AND(`user_id`= :9) LIMIT :10 OFFSET :11}
{":8":52,":9":1,":10":1,":11":0}
[05-Dec-2016 22:02:30 Asia/Shanghai] (/Course/20/comments) [SQL](3) column called
SELECT `vote`FROM`evaluationvote`WHERE(`evaluation_id`= :12)AND(`user_id`= :13) LIMIT :14 OFFSET :15}
{":12":37,":13":1,":14":1,":15":0}
[05-Dec-2016 22:03:32 Asia/Shanghai] (/Course/20) [SQL](0) query called
SELECT `course`.`id`,`course`.`name`,`course`.`name_en`,`course`.`description`,COUNT(`evaluation`.`id`) AS`comments`,AVG(`evaluation`.`averge`) AS`score` FROM`course`LEFT JOIN`evaluation`ON`evaluation`.`course_id`=`course`.`id`WHERE(`course`.`id`= :0)AND(`evaluation`.`status`= :1)GROUP BY `id` LIMIT :2 OFFSET :3}
{":0":20,":1":1,":2":1,":3":0}
[05-Dec-2016 22:03:32 Asia/Shanghai] (/Course/20) [SQL](1) query called
SELECT `id`,`course_id`,`user_id`,`advice`,`averge` FROM`evaluation`WHERE(`course_id`= :4)AND(`user_id`= :5)AND(`status`= :6) LIMIT :7 OFFSET :8}
{":4":20,":5":1,":6":1,":7":1,":8":0}
[05-Dec-2016 22:03:32 Asia/Shanghai] (/Course/20/comments) [SQL](0) query called
SELECT `evaluation`.`id`,`evaluation`.`advice`,`evaluation`.`averge`,`evaluation`.`time`,user.number AS`number`,COUNT(CASE WHEN vote=1 THEN 1 ELSE NULL END) AS`up`,COUNT(CASE WHEN vote=-1 THEN 1 ELSE NULL END) AS`down` FROM`evaluation`LEFT JOIN`evaluationvote`ON`evaluationvote`.`evaluation_id`=`evaluation`.`id`INNER JOIN`user`ON`user`.`id`=`evaluation`.`user_id`WHERE(`course_id`= :0)AND(`evaluation`.`status`= :1)GROUP BY `id`ORDER BY`up`DESC,`id`DESC  LIMIT :2 OFFSET :3}
{":0":20,":1":1,":2":10,":3":0}
[05-Dec-2016 22:03:32 Asia/Shanghai] (/Course/20/comments) [SQL](1) column called
SELECT `vote`FROM`evaluationvote`WHERE(`evaluation_id`= :4)AND(`user_id`= :5) LIMIT :6 OFFSET :7}
{":4":96,":5":1,":6":1,":7":0}
[05-Dec-2016 22:03:32 Asia/Shanghai] (/Course/20/comments) [SQL](2) column called
SELECT `vote`FROM`evaluationvote`WHERE(`evaluation_id`= :8)AND(`user_id`= :9) LIMIT :10 OFFSET :11}
{":8":52,":9":1,":10":1,":11":0}
[05-Dec-2016 22:03:32 Asia/Shanghai] (/Course/20/comments) [SQL](3) column called
SELECT `vote`FROM`evaluationvote`WHERE(`evaluation_id`= :12)AND(`user_id`= :13) LIMIT :14 OFFSET :15}
{":12":37,":13":1,":14":1,":15":0}
[05-Dec-2016 22:04:48 Asia/Shanghai] (/Course/20) [SQL](0) query called
SELECT `course`.`id`,`course`.`name`,`course`.`name_en`,`course`.`description`,COUNT(`evaluation`.`id`) AS`comments`,AVG(`evaluation`.`averge`) AS`score` FROM`course`LEFT JOIN`evaluation`ON`evaluation`.`course_id`=`course`.`id`WHERE(`course`.`id`= :0)AND(`evaluation`.`status`= :1)GROUP BY `id` LIMIT :2 OFFSET :3}
{":0":20,":1":1,":2":1,":3":0}
[05-Dec-2016 22:04:48 Asia/Shanghai] (/Course/20) [SQL](1) query called
SELECT `id`,`course_id`,`user_id`,`advice`,`averge` FROM`evaluation`WHERE(`course_id`= :4)AND(`user_id`= :5)AND(`status`= :6) LIMIT :7 OFFSET :8}
{":4":20,":5":1,":6":1,":7":1,":8":0}
[05-Dec-2016 22:04:48 Asia/Shanghai] (/Course/20/comments) [SQL](0) query called
SELECT `evaluation`.`id`,`evaluation`.`advice`,`evaluation`.`averge`,`evaluation`.`time`,user.number AS`number`,COUNT(CASE WHEN vote=1 THEN 1 ELSE NULL END) AS`up`,COUNT(CASE WHEN vote=-1 THEN 1 ELSE NULL END) AS`down` FROM`evaluation`LEFT JOIN`evaluationvote`ON`evaluationvote`.`evaluation_id`=`evaluation`.`id`INNER JOIN`user`ON`user`.`id`=`evaluation`.`user_id`WHERE(`course_id`= :0)AND(`evaluation`.`status`= :1)GROUP BY `id`ORDER BY`up`DESC,`id`DESC  LIMIT :2 OFFSET :3}
{":0":20,":1":1,":2":10,":3":0}
[05-Dec-2016 22:04:48 Asia/Shanghai] (/Course/20/comments) [SQL](1) column called
SELECT `vote`FROM`evaluationvote`WHERE(`evaluation_id`= :4)AND(`user_id`= :5) LIMIT :6 OFFSET :7}
{":4":96,":5":1,":6":1,":7":0}
[05-Dec-2016 22:04:48 Asia/Shanghai] (/Course/20/comments) [SQL](2) column called
SELECT `vote`FROM`evaluationvote`WHERE(`evaluation_id`= :8)AND(`user_id`= :9) LIMIT :10 OFFSET :11}
{":8":52,":9":1,":10":1,":11":0}
[05-Dec-2016 22:04:48 Asia/Shanghai] (/Course/20/comments) [SQL](3) column called
SELECT `vote`FROM`evaluationvote`WHERE(`evaluation_id`= :12)AND(`user_id`= :13) LIMIT :14 OFFSET :15}
{":12":37,":13":1,":14":1,":15":0}
[05-Dec-2016 22:13:54 Asia/Shanghai] (/Course/66) [SQL](0) query called
SELECT `course`.`id`,`course`.`name`,`course`.`name_en`,`course`.`description`,COUNT(`evaluation`.`id`) AS`comments`,AVG(`evaluation`.`averge`) AS`score` FROM`course`LEFT JOIN`evaluation`ON`evaluation`.`course_id`=`course`.`id`WHERE(`course`.`id`= :0)AND(`evaluation`.`status`= :1)GROUP BY `id` LIMIT :2 OFFSET :3}
{":0":66,":1":1,":2":1,":3":0}
[05-Dec-2016 22:13:55 Asia/Shanghai] (/Course/66) [SQL](1) query called
SELECT `id`,`course_id`,`user_id`,`advice`,`averge` FROM`evaluation`WHERE(`course_id`= :4)AND(`user_id`= :5)AND(`status`= :6) LIMIT :7 OFFSET :8}
{":4":66,":5":1,":6":1,":7":1,":8":0}
[05-Dec-2016 22:13:55 Asia/Shanghai] (/Course/66/comments) [SQL](0) query called
SELECT `evaluation`.`id`,`evaluation`.`advice`,`evaluation`.`averge`,`evaluation`.`time`,user.number AS`number`,COUNT(CASE WHEN vote=1 THEN 1 ELSE NULL END) AS`up`,COUNT(CASE WHEN vote=-1 THEN 1 ELSE NULL END) AS`down` FROM`evaluation`LEFT JOIN`evaluationvote`ON`evaluationvote`.`evaluation_id`=`evaluation`.`id`INNER JOIN`user`ON`user`.`id`=`evaluation`.`user_id`WHERE(`course_id`= :0)AND(`evaluation`.`status`= :1)GROUP BY `id`ORDER BY`up`DESC,`id`DESC  LIMIT :2 OFFSET :3}
{":0":66,":1":1,":2":10,":3":0}
[05-Dec-2016 22:13:55 Asia/Shanghai] (/Course/66/comments) [SQL](1) column called
SELECT `vote`FROM`evaluationvote`WHERE(`evaluation_id`= :4)AND(`user_id`= :5) LIMIT :6 OFFSET :7}
{":4":87,":5":1,":6":1,":7":0}
[05-Dec-2016 22:13:55 Asia/Shanghai] (/Course/66/comments) [SQL](2) column called
SELECT `vote`FROM`evaluationvote`WHERE(`evaluation_id`= :8)AND(`user_id`= :9) LIMIT :10 OFFSET :11}
{":8":54,":9":1,":10":1,":11":0}
[05-Dec-2016 22:19:12 Asia/Shanghai] (/Course/66) [SQL](0) query called
SELECT `course`.`id`,`course`.`name`,`course`.`name_en`,`course`.`description`,COUNT(`evaluation`.`id`) AS`comments`,AVG(`evaluation`.`averge`) AS`score` FROM`course`LEFT JOIN`evaluation`ON`evaluation`.`course_id`=`course`.`id`WHERE(`course`.`id`= :0)AND(`evaluation`.`status`= :1)GROUP BY `id` LIMIT :2 OFFSET :3}
{":0":66,":1":1,":2":1,":3":0}
[05-Dec-2016 22:19:12 Asia/Shanghai] (/Course/66) [SQL](1) query called
SELECT `id`,`course_id`,`user_id`,`advice`,`averge` FROM`evaluation`WHERE(`course_id`= :4)AND(`user_id`= :5)AND(`status`= :6) LIMIT :7 OFFSET :8}
{":4":66,":5":1,":6":1,":7":1,":8":0}
[05-Dec-2016 22:19:12 Asia/Shanghai] (/Course/66/comments) [SQL](0) query called
SELECT `evaluation`.`id`,`evaluation`.`advice`,`evaluation`.`averge`,`evaluation`.`time`,user.number AS`number`,COUNT(CASE WHEN vote=1 THEN 1 ELSE NULL END) AS`up`,COUNT(CASE WHEN vote=-1 THEN 1 ELSE NULL END) AS`down` FROM`evaluation`LEFT JOIN`evaluationvote`ON`evaluationvote`.`evaluation_id`=`evaluation`.`id`INNER JOIN`user`ON`user`.`id`=`evaluation`.`user_id`WHERE(`course_id`= :0)AND(`evaluation`.`status`= :1)GROUP BY `id`ORDER BY`up`DESC,`id`DESC  LIMIT :2 OFFSET :3}
{":0":66,":1":1,":2":10,":3":0}
[05-Dec-2016 22:19:12 Asia/Shanghai] (/Course/66/comments) [SQL](1) column called
SELECT `vote`FROM`evaluationvote`WHERE(`evaluation_id`= :4)AND(`user_id`= :5) LIMIT :6 OFFSET :7}
{":4":87,":5":1,":6":1,":7":0}
[05-Dec-2016 22:19:12 Asia/Shanghai] (/Course/66/comments) [SQL](2) column called
SELECT `vote`FROM`evaluationvote`WHERE(`evaluation_id`= :8)AND(`user_id`= :9) LIMIT :10 OFFSET :11}
{":8":54,":9":1,":10":1,":11":0}
[05-Dec-2016 22:19:22 Asia/Shanghai] (/Course/66) [SQL](0) query called
SELECT `course`.`id`,`course`.`name`,`course`.`name_en`,`course`.`description`,COUNT(`evaluation`.`id`) AS`comments`,AVG(`evaluation`.`averge`) AS`score` FROM`course`LEFT JOIN`evaluation`ON`evaluation`.`course_id`=`course`.`id`WHERE(`course`.`id`= :0)AND(`evaluation`.`status`= :1)GROUP BY `id` LIMIT :2 OFFSET :3}
{":0":66,":1":1,":2":1,":3":0}
[05-Dec-2016 22:19:22 Asia/Shanghai] (/Course/66) [SQL](1) query called
SELECT `id`,`course_id`,`user_id`,`advice`,`averge` FROM`evaluation`WHERE(`course_id`= :4)AND(`user_id`= :5)AND(`status`= :6) LIMIT :7 OFFSET :8}
{":4":66,":5":1,":6":1,":7":1,":8":0}
[05-Dec-2016 22:19:22 Asia/Shanghai] (/Course/66/comments) [SQL](0) query called
SELECT `evaluation`.`id`,`evaluation`.`advice`,`evaluation`.`averge`,`evaluation`.`time`,user.number AS`number`,COUNT(CASE WHEN vote=1 THEN 1 ELSE NULL END) AS`up`,COUNT(CASE WHEN vote=-1 THEN 1 ELSE NULL END) AS`down` FROM`evaluation`LEFT JOIN`evaluationvote`ON`evaluationvote`.`evaluation_id`=`evaluation`.`id`INNER JOIN`user`ON`user`.`id`=`evaluation`.`user_id`WHERE(`course_id`= :0)AND(`evaluation`.`status`= :1)GROUP BY `id`ORDER BY`up`DESC,`id`DESC  LIMIT :2 OFFSET :3}
{":0":66,":1":1,":2":10,":3":0}
[05-Dec-2016 22:19:22 Asia/Shanghai] (/Course/66/comments) [SQL](1) column called
SELECT `vote`FROM`evaluationvote`WHERE(`evaluation_id`= :4)AND(`user_id`= :5) LIMIT :6 OFFSET :7}
{":4":87,":5":1,":6":1,":7":0}
[05-Dec-2016 22:19:22 Asia/Shanghai] (/Course/66/comments) [SQL](2) column called
SELECT `vote`FROM`evaluationvote`WHERE(`evaluation_id`= :8)AND(`user_id`= :9) LIMIT :10 OFFSET :11}
{":8":54,":9":1,":10":1,":11":0}
[05-Dec-2016 23:03:21 Asia/Shanghai] (/Course/20) [SQL](0) query called
SELECT `course`.`id`,`course`.`name`,`course`.`name_en`,`course`.`description`,COUNT(`evaluation`.`id`) AS`comments`,AVG(`evaluation`.`averge`) AS`score` FROM`course`LEFT JOIN`evaluation`ON`evaluation`.`course_id`=`course`.`id`WHERE(`course`.`id`= :0)AND(`evaluation`.`status`= :1)GROUP BY `id` LIMIT :2 OFFSET :3}
{":0":20,":1":1,":2":1,":3":0}
[05-Dec-2016 23:03:21 Asia/Shanghai] (/Course/20) [SQL](1) query called
SELECT `id`,`course_id`,`user_id`,`advice`,`averge` FROM`evaluation`WHERE(`course_id`= :4)AND(`user_id`= :5)AND(`status`= :6) LIMIT :7 OFFSET :8}
{":4":20,":5":1,":6":1,":7":1,":8":0}
[05-Dec-2016 23:03:21 Asia/Shanghai] (/Course/20/comments) [SQL](0) query called
SELECT `evaluation`.`id`,`evaluation`.`advice`,`evaluation`.`averge`,`evaluation`.`time`,user.number AS`number`,COUNT(CASE WHEN vote=1 THEN 1 ELSE NULL END) AS`up`,COUNT(CASE WHEN vote=-1 THEN 1 ELSE NULL END) AS`down` FROM`evaluation`LEFT JOIN`evaluationvote`ON`evaluationvote`.`evaluation_id`=`evaluation`.`id`INNER JOIN`user`ON`user`.`id`=`evaluation`.`user_id`WHERE(`course_id`= :0)AND(`evaluation`.`status`= :1)GROUP BY `id`ORDER BY`up`DESC,`id`DESC  LIMIT :2 OFFSET :3}
{":0":20,":1":1,":2":10,":3":0}
[05-Dec-2016 23:03:21 Asia/Shanghai] (/Course/20/comments) [SQL](1) column called
SELECT `vote`FROM`evaluationvote`WHERE(`evaluation_id`= :4)AND(`user_id`= :5) LIMIT :6 OFFSET :7}
{":4":96,":5":1,":6":1,":7":0}
[05-Dec-2016 23:03:21 Asia/Shanghai] (/Course/20/comments) [SQL](2) column called
SELECT `vote`FROM`evaluationvote`WHERE(`evaluation_id`= :8)AND(`user_id`= :9) LIMIT :10 OFFSET :11}
{":8":52,":9":1,":10":1,":11":0}
[05-Dec-2016 23:03:21 Asia/Shanghai] (/Course/20/comments) [SQL](3) column called
SELECT `vote`FROM`evaluationvote`WHERE(`evaluation_id`= :12)AND(`user_id`= :13) LIMIT :14 OFFSET :15}
{":12":37,":13":1,":14":1,":15":0}
